{"C:\\dev\\serenity-aws\\apps\\api\\src\\index.ts": {"path":"C:\\dev\\serenity-aws\\apps\\api\\src\\index.ts","statementMap":{"0":{"start":{"line":1,"column":0},"end":{"line":1,"column":67}},"1":{"start":{"line":2,"column":0},"end":{"line":2,"column":24}},"2":{"start":{"line":3,"column":0},"end":{"line":3,"column":28}},"3":{"start":{"line":4,"column":0},"end":{"line":4,"column":43}},"4":{"start":{"line":5,"column":0},"end":{"line":5,"column":38}},"5":{"start":{"line":6,"column":0},"end":{"line":6,"column":28}},"6":{"start":{"line":7,"column":0},"end":{"line":7,"column":28}},"7":{"start":{"line":8,"column":0},"end":{"line":8,"column":24}},"8":{"start":{"line":11,"column":0},"end":{"line":11,"column":66}},"9":{"start":{"line":14,"column":0},"end":{"line":14,"column":46}},"10":{"start":{"line":15,"column":0},"end":{"line":15,"column":52}},"11":{"start":{"line":16,"column":0},"end":{"line":16,"column":54}},"12":{"start":{"line":18,"column":12},"end":{"line":18,"column":21}},"13":{"start":{"line":19,"column":13},"end":{"line":19,"column":41}},"14":{"start":{"line":22,"column":0},"end":{"line":36,"column":4}},"15":{"start":{"line":39,"column":0},"end":{"line":44,"column":4}},"16":{"start":{"line":47,"column":20},"end":{"line":53,"column":2}},"17":{"start":{"line":56,"column":23},"end":{"line":61,"column":2}},"18":{"start":{"line":64,"column":0},"end":{"line":64,"column":23}},"19":{"start":{"line":65,"column":0},"end":{"line":65,"column":41}},"20":{"start":{"line":66,"column":0},"end":{"line":66,"column":63}},"21":{"start":{"line":69,"column":0},"end":{"line":71,"column":1}},"22":{"start":{"line":70,"column":2},"end":{"line":70,"column":30}},"23":{"start":{"line":74,"column":0},"end":{"line":81,"column":3}},"24":{"start":{"line":75,"column":2},"end":{"line":80,"column":5}},"25":{"start":{"line":84,"column":0},"end":{"line":84,"column":46}},"26":{"start":{"line":85,"column":0},"end":{"line":85,"column":55}},"27":{"start":{"line":86,"column":0},"end":{"line":86,"column":57}},"28":{"start":{"line":89,"column":0},"end":{"line":89,"column":24}},"29":{"start":{"line":92,"column":0},"end":{"line":97,"column":3}},"30":{"start":{"line":93,"column":2},"end":{"line":96,"column":5}},"31":{"start":{"line":100,"column":0},"end":{"line":110,"column":3}},"32":{"start":{"line":101,"column":2},"end":{"line":101,"column":46}},"33":{"start":{"line":104,"column":24},"end":{"line":104,"column":62}},"34":{"start":{"line":106,"column":2},"end":{"line":109,"column":5}},"35":{"start":{"line":113,"column":0},"end":{"line":119,"column":3}},"36":{"start":{"line":114,"column":2},"end":{"line":114,"column":62}},"37":{"start":{"line":115,"column":2},"end":{"line":118,"column":5}},"38":{"start":{"line":116,"column":4},"end":{"line":116,"column":38}},"39":{"start":{"line":117,"column":4},"end":{"line":117,"column":20}},"40":{"start":{"line":121,"column":0},"end":{"line":127,"column":3}},"41":{"start":{"line":122,"column":2},"end":{"line":122,"column":61}},"42":{"start":{"line":123,"column":2},"end":{"line":126,"column":5}},"43":{"start":{"line":124,"column":4},"end":{"line":124,"column":38}},"44":{"start":{"line":125,"column":4},"end":{"line":125,"column":20}},"45":{"start":{"line":130,"column":15},"end":{"line":140,"column":2}},"46":{"start":{"line":131,"column":2},"end":{"line":139,"column":5}}},"fnMap":{"0":{"name":"(anonymous_1)","decl":{"start":{"line":74,"column":19},"end":{"line":74,"column":20}},"loc":{"start":{"line":74,"column":52},"end":{"line":81,"column":1}}},"1":{"name":"(anonymous_2)","decl":{"start":{"line":92,"column":8},"end":{"line":92,"column":9}},"loc":{"start":{"line":92,"column":41},"end":{"line":97,"column":1}}},"2":{"name":"(anonymous_3)","decl":{"start":{"line":100,"column":8},"end":{"line":100,"column":9}},"loc":{"start":{"line":100,"column":72},"end":{"line":110,"column":1}}},"3":{"name":"(anonymous_4)","decl":{"start":{"line":113,"column":22},"end":{"line":113,"column":25}},"loc":{"start":{"line":113,"column":27},"end":{"line":119,"column":1}}},"4":{"name":"(anonymous_5)","decl":{"start":{"line":115,"column":15},"end":{"line":115,"column":18}},"loc":{"start":{"line":115,"column":20},"end":{"line":118,"column":3}}},"5":{"name":"(anonymous_6)","decl":{"start":{"line":121,"column":21},"end":{"line":121,"column":24}},"loc":{"start":{"line":121,"column":26},"end":{"line":127,"column":1}}},"6":{"name":"(anonymous_7)","decl":{"start":{"line":123,"column":15},"end":{"line":123,"column":18}},"loc":{"start":{"line":123,"column":20},"end":{"line":126,"column":3}}},"7":{"name":"(anonymous_8)","decl":{"start":{"line":130,"column":32},"end":{"line":130,"column":35}},"loc":{"start":{"line":130,"column":37},"end":{"line":140,"column":1}}}},"branchMap":{"0":{"loc":{"start":{"line":19,"column":13},"end":{"line":19,"column":41}},"type":"binary-expr","locations":[{"start":{"line":19,"column":13},"end":{"line":19,"column":33}},{"start":{"line":19,"column":37},"end":{"line":19,"column":41}}]},"1":{"loc":{"start":{"line":40,"column":10},"end":{"line":40,"column":68}},"type":"binary-expr","locations":[{"start":{"line":40,"column":10},"end":{"line":40,"column":41}},{"start":{"line":40,"column":45},"end":{"line":40,"column":68}}]},"2":{"loc":{"start":{"line":69,"column":0},"end":{"line":71,"column":1}},"type":"if","locations":[{"start":{"line":69,"column":0},"end":{"line":71,"column":1}},{"start":{},"end":{}}]},"3":{"loc":{"start":{"line":78,"column":17},"end":{"line":78,"column":54}},"type":"binary-expr","locations":[{"start":{"line":78,"column":17},"end":{"line":78,"column":37}},{"start":{"line":78,"column":41},"end":{"line":78,"column":54}}]},"4":{"loc":{"start":{"line":79,"column":13},"end":{"line":79,"column":55}},"type":"binary-expr","locations":[{"start":{"line":79,"column":13},"end":{"line":79,"column":44}},{"start":{"line":79,"column":48},"end":{"line":79,"column":55}}]},"5":{"loc":{"start":{"line":106,"column":13},"end":{"line":106,"column":30}},"type":"binary-expr","locations":[{"start":{"line":106,"column":13},"end":{"line":106,"column":23}},{"start":{"line":106,"column":27},"end":{"line":106,"column":30}}]},"6":{"loc":{"start":{"line":107,"column":11},"end":{"line":107,"column":49}},"type":"binary-expr","locations":[{"start":{"line":107,"column":11},"end":{"line":107,"column":22}},{"start":{"line":107,"column":26},"end":{"line":107,"column":49}}]},"7":{"loc":{"start":{"line":108,"column":8},"end":{"line":108,"column":45}},"type":"binary-expr","locations":[{"start":{"line":108,"column":8},"end":{"line":108,"column":21}},{"start":{"line":108,"column":25},"end":{"line":108,"column":45}}]},"8":{"loc":{"start":{"line":133,"column":18},"end":{"line":133,"column":55}},"type":"binary-expr","locations":[{"start":{"line":133,"column":18},"end":{"line":133,"column":38}},{"start":{"line":133,"column":42},"end":{"line":133,"column":55}}]}},"s":{"0":0,"1":0,"2":0,"3":0,"4":0,"5":0,"6":0,"7":0,"8":0,"9":0,"10":0,"11":0,"12":0,"13":0,"14":0,"15":0,"16":0,"17":0,"18":0,"19":0,"20":0,"21":0,"22":0,"23":0,"24":0,"25":0,"26":0,"27":0,"28":0,"29":0,"30":0,"31":0,"32":0,"33":0,"34":0,"35":0,"36":0,"37":0,"38":0,"39":0,"40":0,"41":0,"42":0,"43":0,"44":0,"45":0,"46":0},"f":{"0":0,"1":0,"2":0,"3":0,"4":0,"5":0,"6":0,"7":0},"b":{"0":[0,0],"1":[0,0],"2":[0,0],"3":[0,0],"4":[0,0],"5":[0,0],"6":[0,0],"7":[0,0],"8":[0,0]}}
,"C:\\dev\\serenity-aws\\apps\\api\\src\\routes\\auth.routes.ts": {"path":"C:\\dev\\serenity-aws\\apps\\api\\src\\routes\\auth.routes.ts","statementMap":{"0":{"start":{"line":1,"column":0},"end":{"line":1,"column":52}},"1":{"start":{"line":2,"column":0},"end":{"line":2,"column":null}},"2":{"start":{"line":13,"column":0},"end":{"line":13,"column":28}},"3":{"start":{"line":14,"column":0},"end":{"line":14,"column":24}},"4":{"start":{"line":15,"column":0},"end":{"line":15,"column":31}},"5":{"start":{"line":17,"column":15},"end":{"line":17,"column":23}},"6":{"start":{"line":20,"column":22},"end":{"line":22,"column":2}},"7":{"start":{"line":24,"column":18},"end":{"line":24,"column":48}},"8":{"start":{"line":25,"column":22},"end":{"line":25,"column":56}},"9":{"start":{"line":28,"column":23},"end":{"line":35,"column":2}},"10":{"start":{"line":37,"column":20},"end":{"line":40,"column":2}},"11":{"start":{"line":42,"column":22},"end":{"line":45,"column":2}},"12":{"start":{"line":47,"column":29},"end":{"line":49,"column":2}},"13":{"start":{"line":51,"column":28},"end":{"line":55,"column":2}},"14":{"start":{"line":57,"column":18},"end":{"line":61,"column":2}},"15":{"start":{"line":65,"column":18},"end":{"line":65,"column":38}},"16":{"start":{"line":66,"column":15},"end":{"line":66,"column":57}},"17":{"start":{"line":67,"column":2},"end":{"line":67,"column":23}},"18":{"start":{"line":68,"column":2},"end":{"line":68,"column":31}},"19":{"start":{"line":72,"column":0},"end":{"line":108,"column":3}},"20":{"start":{"line":73,"column":2},"end":{"line":107,"column":3}},"21":{"start":{"line":74,"column":17},"end":{"line":74,"column":47}},"22":{"start":{"line":75,"column":23},"end":{"line":75,"column":54}},"23":{"start":{"line":78,"column":26},"end":{"line":90,"column":6}},"24":{"start":{"line":92,"column":19},"end":{"line":92,"column":58}},"25":{"start":{"line":94,"column":4},"end":{"line":100,"column":7}},"26":{"start":{"line":102,"column":4},"end":{"line":102,"column":48}},"27":{"start":{"line":103,"column":4},"end":{"line":106,"column":7}},"28":{"start":{"line":111,"column":0},"end":{"line":140,"column":3}},"29":{"start":{"line":112,"column":2},"end":{"line":139,"column":3}},"30":{"start":{"line":113,"column":17},"end":{"line":113,"column":46}},"31":{"start":{"line":114,"column":23},"end":{"line":114,"column":54}},"32":{"start":{"line":116,"column":27},"end":{"line":121,"column":6}},"33":{"start":{"line":123,"column":4},"end":{"line":123,"column":45}},"34":{"start":{"line":129,"column":4},"end":{"line":132,"column":7}},"35":{"start":{"line":134,"column":4},"end":{"line":134,"column":48}},"36":{"start":{"line":135,"column":4},"end":{"line":138,"column":7}},"37":{"start":{"line":143,"column":0},"end":{"line":200,"column":3}},"38":{"start":{"line":144,"column":2},"end":{"line":199,"column":3}},"39":{"start":{"line":146,"column":17},"end":{"line":146,"column":44}},"40":{"start":{"line":147,"column":23},"end":{"line":147,"column":54}},"41":{"start":{"line":149,"column":24},"end":{"line":157,"column":6}},"42":{"start":{"line":159,"column":19},"end":{"line":159,"column":56}},"43":{"start":{"line":162,"column":4},"end":{"line":169,"column":5}},"44":{"start":{"line":163,"column":6},"end":{"line":168,"column":9}},"45":{"start":{"line":172,"column":4},"end":{"line":182,"column":5}},"46":{"start":{"line":173,"column":6},"end":{"line":179,"column":9}},"47":{"start":{"line":181,"column":6},"end":{"line":181,"column":47}},"48":{"start":{"line":184,"column":4},"end":{"line":184,"column":41}},"49":{"start":{"line":187,"column":4},"end":{"line":192,"column":5}},"50":{"start":{"line":188,"column":6},"end":{"line":191,"column":9}},"51":{"start":{"line":195,"column":4},"end":{"line":198,"column":7}},"52":{"start":{"line":203,"column":0},"end":{"line":241,"column":3}},"53":{"start":{"line":204,"column":2},"end":{"line":240,"column":3}},"54":{"start":{"line":205,"column":17},"end":{"line":205,"column":42}},"55":{"start":{"line":206,"column":23},"end":{"line":206,"column":54}},"56":{"start":{"line":208,"column":23},"end":{"line":217,"column":6}},"57":{"start":{"line":219,"column":19},"end":{"line":219,"column":55}},"58":{"start":{"line":221,"column":4},"end":{"line":233,"column":5}},"59":{"start":{"line":222,"column":6},"end":{"line":230,"column":9}},"60":{"start":{"line":232,"column":6},"end":{"line":232,"column":49}},"61":{"start":{"line":235,"column":4},"end":{"line":235,"column":39}},"62":{"start":{"line":236,"column":4},"end":{"line":239,"column":7}},"63":{"start":{"line":244,"column":0},"end":{"line":285,"column":3}},"64":{"start":{"line":245,"column":2},"end":{"line":284,"column":3}},"65":{"start":{"line":246,"column":36},"end":{"line":246,"column":44}},"66":{"start":{"line":248,"column":4},"end":{"line":253,"column":5}},"67":{"start":{"line":249,"column":6},"end":{"line":252,"column":9}},"68":{"start":{"line":255,"column":23},"end":{"line":255,"column":49}},"69":{"start":{"line":257,"column":27},"end":{"line":264,"column":6}},"70":{"start":{"line":266,"column":19},"end":{"line":266,"column":59}},"71":{"start":{"line":268,"column":4},"end":{"line":277,"column":5}},"72":{"start":{"line":269,"column":6},"end":{"line":274,"column":9}},"73":{"start":{"line":276,"column":6},"end":{"line":276,"column":46}},"74":{"start":{"line":279,"column":4},"end":{"line":279,"column":43}},"75":{"start":{"line":280,"column":4},"end":{"line":283,"column":7}},"76":{"start":{"line":288,"column":0},"end":{"line":313,"column":3}},"77":{"start":{"line":289,"column":2},"end":{"line":312,"column":3}},"78":{"start":{"line":290,"column":17},"end":{"line":290,"column":53}},"79":{"start":{"line":291,"column":23},"end":{"line":291,"column":54}},"80":{"start":{"line":293,"column":26},"end":{"line":297,"column":6}},"81":{"start":{"line":299,"column":19},"end":{"line":299,"column":58}},"82":{"start":{"line":301,"column":4},"end":{"line":305,"column":7}},"83":{"start":{"line":307,"column":4},"end":{"line":307,"column":51}},"84":{"start":{"line":308,"column":4},"end":{"line":311,"column":7}},"85":{"start":{"line":316,"column":0},"end":{"line":342,"column":3}},"86":{"start":{"line":317,"column":2},"end":{"line":341,"column":3}},"87":{"start":{"line":318,"column":17},"end":{"line":318,"column":52}},"88":{"start":{"line":319,"column":23},"end":{"line":319,"column":54}},"89":{"start":{"line":321,"column":25},"end":{"line":327,"column":6}},"90":{"start":{"line":329,"column":4},"end":{"line":329,"column":43}},"91":{"start":{"line":331,"column":4},"end":{"line":334,"column":7}},"92":{"start":{"line":336,"column":4},"end":{"line":336,"column":50}},"93":{"start":{"line":337,"column":4},"end":{"line":340,"column":7}},"94":{"start":{"line":345,"column":0},"end":{"line":376,"column":3}},"95":{"start":{"line":346,"column":2},"end":{"line":375,"column":3}},"96":{"start":{"line":347,"column":23},"end":{"line":347,"column":48}},"97":{"start":{"line":349,"column":4},"end":{"line":363,"column":5}},"98":{"start":{"line":350,"column":26},"end":{"line":350,"column":49}},"99":{"start":{"line":353,"column":29},"end":{"line":355,"column":8}},"100":{"start":{"line":357,"column":6},"end":{"line":362,"column":7}},"101":{"start":{"line":358,"column":8},"end":{"line":358,"column":49}},"102":{"start":{"line":361,"column":8},"end":{"line":361,"column":68}},"103":{"start":{"line":365,"column":4},"end":{"line":368,"column":7}},"104":{"start":{"line":370,"column":4},"end":{"line":370,"column":42}},"105":{"start":{"line":371,"column":4},"end":{"line":374,"column":7}},"106":{"start":{"line":379,"column":0},"end":{"line":451,"column":3}},"107":{"start":{"line":380,"column":2},"end":{"line":450,"column":3}},"108":{"start":{"line":381,"column":23},"end":{"line":381,"column":48}},"109":{"start":{"line":383,"column":4},"end":{"line":388,"column":5}},"110":{"start":{"line":384,"column":6},"end":{"line":387,"column":9}},"111":{"start":{"line":390,"column":24},"end":{"line":390,"column":47}},"112":{"start":{"line":393,"column":4},"end":{"line":398,"column":5}},"113":{"start":{"line":394,"column":6},"end":{"line":397,"column":9}},"114":{"start":{"line":400,"column":27},"end":{"line":402,"column":6}},"115":{"start":{"line":404,"column":17},"end":{"line":404,"column":57}},"116":{"start":{"line":407,"column":25},"end":{"line":407,"column":50}},"117":{"start":{"line":408,"column":4},"end":{"line":412,"column":7}},"118":{"start":{"line":409,"column":6},"end":{"line":411,"column":7}},"119":{"start":{"line":410,"column":8},"end":{"line":410,"column":48}},"120":{"start":{"line":414,"column":24},"end":{"line":420,"column":6}},"121":{"start":{"line":423,"column":25},"end":{"line":430,"column":6}},"122":{"start":{"line":432,"column":4},"end":{"line":435,"column":7}},"123":{"start":{"line":437,"column":4},"end":{"line":437,"column":44}},"124":{"start":{"line":439,"column":4},"end":{"line":444,"column":5}},"125":{"start":{"line":440,"column":6},"end":{"line":443,"column":9}},"126":{"start":{"line":446,"column":4},"end":{"line":449,"column":7}},"127":{"start":{"line":454,"column":0},"end":{"line":550,"column":3}},"128":{"start":{"line":455,"column":2},"end":{"line":549,"column":3}},"129":{"start":{"line":456,"column":23},"end":{"line":456,"column":48}},"130":{"start":{"line":458,"column":4},"end":{"line":464,"column":5}},"131":{"start":{"line":459,"column":6},"end":{"line":463,"column":9}},"132":{"start":{"line":466,"column":24},"end":{"line":466,"column":47}},"133":{"start":{"line":469,"column":4},"end":{"line":476,"column":5}},"134":{"start":{"line":470,"column":6},"end":{"line":475,"column":9}},"135":{"start":{"line":479,"column":27},"end":{"line":481,"column":6}},"136":{"start":{"line":483,"column":17},"end":{"line":483,"column":57}},"137":{"start":{"line":487,"column":40},"end":{"line":487,"column":47}},"138":{"start":{"line":489,"column":4},"end":{"line":521,"column":5}},"139":{"start":{"line":491,"column":22},"end":{"line":491,"column":67}},"140":{"start":{"line":493,"column":6},"end":{"line":516,"column":7}},"141":{"start":{"line":494,"column":20},"end":{"line":494,"column":49}},"142":{"start":{"line":495,"column":25},"end":{"line":495,"column":42}},"143":{"start":{"line":497,"column":8},"end":{"line":509,"column":9}},"144":{"start":{"line":499,"column":10},"end":{"line":499,"column":133}},"145":{"start":{"line":501,"column":10},"end":{"line":508,"column":13}},"146":{"start":{"line":512,"column":30},"end":{"line":512,"column":68}},"147":{"start":{"line":513,"column":8},"end":{"line":515,"column":9}},"148":{"start":{"line":514,"column":10},"end":{"line":514,"column":111}},"149":{"start":{"line":520,"column":6},"end":{"line":520,"column":96}},"150":{"start":{"line":524,"column":4},"end":{"line":532,"column":7}},"151":{"start":{"line":534,"column":4},"end":{"line":534,"column":50}},"152":{"start":{"line":536,"column":4},"end":{"line":542,"column":5}},"153":{"start":{"line":537,"column":6},"end":{"line":541,"column":9}},"154":{"start":{"line":544,"column":4},"end":{"line":548,"column":7}},"155":{"start":{"line":553,"column":0},"end":{"line":595,"column":3}},"156":{"start":{"line":554,"column":2},"end":{"line":594,"column":3}},"157":{"start":{"line":555,"column":23},"end":{"line":555,"column":48}},"158":{"start":{"line":557,"column":4},"end":{"line":562,"column":5}},"159":{"start":{"line":558,"column":6},"end":{"line":561,"column":9}},"160":{"start":{"line":564,"column":24},"end":{"line":564,"column":47}},"161":{"start":{"line":566,"column":27},"end":{"line":568,"column":6}},"162":{"start":{"line":570,"column":17},"end":{"line":570,"column":57}},"163":{"start":{"line":573,"column":24},"end":{"line":579,"column":10}},"164":{"start":{"line":574,"column":18},"end":{"line":574,"column":68}},"165":{"start":{"line":575,"column":6},"end":{"line":577,"column":7}},"166":{"start":{"line":576,"column":8},"end":{"line":576,"column":30}},"167":{"start":{"line":578,"column":6},"end":{"line":578,"column":17}},"168":{"start":{"line":581,"column":4},"end":{"line":587,"column":7}},"169":{"start":{"line":589,"column":4},"end":{"line":589,"column":44}},"170":{"start":{"line":590,"column":4},"end":{"line":593,"column":7}},"171":{"start":{"line":597,"column":0},"end":{"line":597,"column":22}}},"fnMap":{"0":{"name":"calculateSecretHash","decl":{"start":{"line":64,"column":9},"end":{"line":64,"column":28}},"loc":{"start":{"line":64,"column":45},"end":{"line":69,"column":1}}},"1":{"name":"(anonymous_2)","decl":{"start":{"line":72,"column":25},"end":{"line":72,"column":30}},"loc":{"start":{"line":72,"column":63},"end":{"line":108,"column":1}}},"2":{"name":"(anonymous_3)","decl":{"start":{"line":111,"column":29},"end":{"line":111,"column":34}},"loc":{"start":{"line":111,"column":67},"end":{"line":140,"column":1}}},"3":{"name":"(anonymous_4)","decl":{"start":{"line":143,"column":22},"end":{"line":143,"column":27}},"loc":{"start":{"line":143,"column":60},"end":{"line":200,"column":1}}},"4":{"name":"(anonymous_5)","decl":{"start":{"line":203,"column":20},"end":{"line":203,"column":25}},"loc":{"start":{"line":203,"column":58},"end":{"line":241,"column":1}}},"5":{"name":"(anonymous_6)","decl":{"start":{"line":244,"column":24},"end":{"line":244,"column":29}},"loc":{"start":{"line":244,"column":62},"end":{"line":285,"column":1}}},"6":{"name":"(anonymous_7)","decl":{"start":{"line":288,"column":32},"end":{"line":288,"column":37}},"loc":{"start":{"line":288,"column":70},"end":{"line":313,"column":1}}},"7":{"name":"(anonymous_8)","decl":{"start":{"line":316,"column":31},"end":{"line":316,"column":36}},"loc":{"start":{"line":316,"column":69},"end":{"line":342,"column":1}}},"8":{"name":"(anonymous_9)","decl":{"start":{"line":345,"column":23},"end":{"line":345,"column":28}},"loc":{"start":{"line":345,"column":61},"end":{"line":376,"column":1}}},"9":{"name":"(anonymous_10)","decl":{"start":{"line":379,"column":18},"end":{"line":379,"column":23}},"loc":{"start":{"line":379,"column":56},"end":{"line":451,"column":1}}},"10":{"name":"(anonymous_11)","decl":{"start":{"line":408,"column":33},"end":{"line":408,"column":37}},"loc":{"start":{"line":408,"column":40},"end":{"line":412,"column":5}}},"11":{"name":"(anonymous_12)","decl":{"start":{"line":454,"column":31},"end":{"line":454,"column":36}},"loc":{"start":{"line":454,"column":69},"end":{"line":550,"column":1}}},"12":{"name":"(anonymous_13)","decl":{"start":{"line":553,"column":20},"end":{"line":553,"column":25}},"loc":{"start":{"line":553,"column":58},"end":{"line":595,"column":1}}},"13":{"name":"(anonymous_14)","decl":{"start":{"line":573,"column":52},"end":{"line":573,"column":53}},"loc":{"start":{"line":573,"column":71},"end":{"line":579,"column":5}}}},"branchMap":{"0":{"loc":{"start":{"line":21,"column":10},"end":{"line":21,"column":43}},"type":"binary-expr","locations":[{"start":{"line":21,"column":10},"end":{"line":21,"column":28}},{"start":{"line":21,"column":32},"end":{"line":21,"column":43}}]},"1":{"loc":{"start":{"line":88,"column":12},"end":{"line":88,"column":75}},"type":"cond-expr","locations":[{"start":{"line":88,"column":25},"end":{"line":88,"column":70}},{"start":{"line":88,"column":73},"end":{"line":88,"column":75}}]},"2":{"loc":{"start":{"line":105,"column":13},"end":{"line":105,"column":51}},"type":"binary-expr","locations":[{"start":{"line":105,"column":13},"end":{"line":105,"column":26}},{"start":{"line":105,"column":30},"end":{"line":105,"column":51}}]},"3":{"loc":{"start":{"line":137,"column":13},"end":{"line":137,"column":51}},"type":"binary-expr","locations":[{"start":{"line":137,"column":13},"end":{"line":137,"column":26}},{"start":{"line":137,"column":30},"end":{"line":137,"column":51}}]},"4":{"loc":{"start":{"line":162,"column":4},"end":{"line":169,"column":5}},"type":"if","locations":[{"start":{"line":162,"column":4},"end":{"line":169,"column":5}},{"start":{},"end":{}}]},"5":{"loc":{"start":{"line":162,"column":8},"end":{"line":162,"column":91}},"type":"binary-expr","locations":[{"start":{"line":162,"column":8},"end":{"line":162,"column":42}},{"start":{"line":162,"column":46},"end":{"line":162,"column":91}}]},"6":{"loc":{"start":{"line":172,"column":4},"end":{"line":182,"column":5}},"type":"if","locations":[{"start":{"line":172,"column":4},"end":{"line":182,"column":5}},{"start":{"line":180,"column":11},"end":{"line":182,"column":5}}]},"7":{"loc":{"start":{"line":187,"column":4},"end":{"line":192,"column":5}},"type":"if","locations":[{"start":{"line":187,"column":4},"end":{"line":192,"column":5}},{"start":{},"end":{}}]},"8":{"loc":{"start":{"line":197,"column":13},"end":{"line":197,"column":44}},"type":"binary-expr","locations":[{"start":{"line":197,"column":13},"end":{"line":197,"column":26}},{"start":{"line":197,"column":30},"end":{"line":197,"column":44}}]},"9":{"loc":{"start":{"line":221,"column":4},"end":{"line":233,"column":5}},"type":"if","locations":[{"start":{"line":221,"column":4},"end":{"line":233,"column":5}},{"start":{"line":231,"column":11},"end":{"line":233,"column":5}}]},"10":{"loc":{"start":{"line":238,"column":13},"end":{"line":238,"column":55}},"type":"binary-expr","locations":[{"start":{"line":238,"column":13},"end":{"line":238,"column":26}},{"start":{"line":238,"column":30},"end":{"line":238,"column":55}}]},"11":{"loc":{"start":{"line":248,"column":4},"end":{"line":253,"column":5}},"type":"if","locations":[{"start":{"line":248,"column":4},"end":{"line":253,"column":5}},{"start":{},"end":{}}]},"12":{"loc":{"start":{"line":248,"column":8},"end":{"line":248,"column":31}},"type":"binary-expr","locations":[{"start":{"line":248,"column":8},"end":{"line":248,"column":21}},{"start":{"line":248,"column":25},"end":{"line":248,"column":31}}]},"13":{"loc":{"start":{"line":268,"column":4},"end":{"line":277,"column":5}},"type":"if","locations":[{"start":{"line":268,"column":4},"end":{"line":277,"column":5}},{"start":{"line":275,"column":11},"end":{"line":277,"column":5}}]},"14":{"loc":{"start":{"line":282,"column":13},"end":{"line":282,"column":52}},"type":"binary-expr","locations":[{"start":{"line":282,"column":13},"end":{"line":282,"column":26}},{"start":{"line":282,"column":30},"end":{"line":282,"column":52}}]},"15":{"loc":{"start":{"line":310,"column":13},"end":{"line":310,"column":65}},"type":"binary-expr","locations":[{"start":{"line":310,"column":13},"end":{"line":310,"column":26}},{"start":{"line":310,"column":30},"end":{"line":310,"column":65}}]},"16":{"loc":{"start":{"line":339,"column":13},"end":{"line":339,"column":56}},"type":"binary-expr","locations":[{"start":{"line":339,"column":13},"end":{"line":339,"column":26}},{"start":{"line":339,"column":30},"end":{"line":339,"column":56}}]},"17":{"loc":{"start":{"line":349,"column":4},"end":{"line":363,"column":5}},"type":"if","locations":[{"start":{"line":349,"column":4},"end":{"line":363,"column":5}},{"start":{},"end":{}}]},"18":{"loc":{"start":{"line":349,"column":8},"end":{"line":349,"column":54}},"type":"binary-expr","locations":[{"start":{"line":349,"column":8},"end":{"line":349,"column":18}},{"start":{"line":349,"column":22},"end":{"line":349,"column":54}}]},"19":{"loc":{"start":{"line":373,"column":13},"end":{"line":373,"column":45}},"type":"binary-expr","locations":[{"start":{"line":373,"column":13},"end":{"line":373,"column":26}},{"start":{"line":373,"column":30},"end":{"line":373,"column":45}}]},"20":{"loc":{"start":{"line":383,"column":4},"end":{"line":388,"column":5}},"type":"if","locations":[{"start":{"line":383,"column":4},"end":{"line":388,"column":5}},{"start":{},"end":{}}]},"21":{"loc":{"start":{"line":383,"column":8},"end":{"line":383,"column":56}},"type":"binary-expr","locations":[{"start":{"line":383,"column":8},"end":{"line":383,"column":19}},{"start":{"line":383,"column":23},"end":{"line":383,"column":56}}]},"22":{"loc":{"start":{"line":393,"column":4},"end":{"line":398,"column":5}},"type":"if","locations":[{"start":{"line":393,"column":4},"end":{"line":398,"column":5}},{"start":{},"end":{}}]},"23":{"loc":{"start":{"line":409,"column":6},"end":{"line":411,"column":7}},"type":"if","locations":[{"start":{"line":409,"column":6},"end":{"line":411,"column":7}},{"start":{},"end":{}}]},"24":{"loc":{"start":{"line":409,"column":10},"end":{"line":409,"column":33}},"type":"binary-expr","locations":[{"start":{"line":409,"column":10},"end":{"line":409,"column":19}},{"start":{"line":409,"column":23},"end":{"line":409,"column":33}}]},"25":{"loc":{"start":{"line":424,"column":10},"end":{"line":424,"column":41}},"type":"binary-expr","locations":[{"start":{"line":424,"column":10},"end":{"line":424,"column":23}},{"start":{"line":424,"column":27},"end":{"line":424,"column":41}}]},"26":{"loc":{"start":{"line":425,"column":13},"end":{"line":425,"column":52}},"type":"binary-expr","locations":[{"start":{"line":425,"column":13},"end":{"line":425,"column":30}},{"start":{"line":425,"column":34},"end":{"line":425,"column":52}}]},"27":{"loc":{"start":{"line":426,"column":12},"end":{"line":426,"column":41}},"type":"binary-expr","locations":[{"start":{"line":426,"column":12},"end":{"line":426,"column":28}},{"start":{"line":426,"column":32},"end":{"line":426,"column":41}}]},"28":{"loc":{"start":{"line":427,"column":16},"end":{"line":427,"column":53}},"type":"binary-expr","locations":[{"start":{"line":427,"column":16},"end":{"line":427,"column":36}},{"start":{"line":427,"column":40},"end":{"line":427,"column":53}}]},"29":{"loc":{"start":{"line":428,"column":17},"end":{"line":428,"column":48}},"type":"binary-expr","locations":[{"start":{"line":428,"column":17},"end":{"line":428,"column":38}},{"start":{"line":428,"column":42},"end":{"line":428,"column":48}}]},"30":{"loc":{"start":{"line":429,"column":16},"end":{"line":429,"column":46}},"type":"binary-expr","locations":[{"start":{"line":429,"column":16},"end":{"line":429,"column":36}},{"start":{"line":429,"column":40},"end":{"line":429,"column":46}}]},"31":{"loc":{"start":{"line":439,"column":4},"end":{"line":444,"column":5}},"type":"if","locations":[{"start":{"line":439,"column":4},"end":{"line":444,"column":5}},{"start":{},"end":{}}]},"32":{"loc":{"start":{"line":448,"column":13},"end":{"line":448,"column":58}},"type":"binary-expr","locations":[{"start":{"line":448,"column":13},"end":{"line":448,"column":26}},{"start":{"line":448,"column":30},"end":{"line":448,"column":58}}]},"33":{"loc":{"start":{"line":458,"column":4},"end":{"line":464,"column":5}},"type":"if","locations":[{"start":{"line":458,"column":4},"end":{"line":464,"column":5}},{"start":{},"end":{}}]},"34":{"loc":{"start":{"line":458,"column":8},"end":{"line":458,"column":56}},"type":"binary-expr","locations":[{"start":{"line":458,"column":8},"end":{"line":458,"column":19}},{"start":{"line":458,"column":23},"end":{"line":458,"column":56}}]},"35":{"loc":{"start":{"line":469,"column":4},"end":{"line":476,"column":5}},"type":"if","locations":[{"start":{"line":469,"column":4},"end":{"line":476,"column":5}},{"start":{},"end":{}}]},"36":{"loc":{"start":{"line":493,"column":6},"end":{"line":516,"column":7}},"type":"if","locations":[{"start":{"line":493,"column":6},"end":{"line":516,"column":7}},{"start":{},"end":{}}]},"37":{"loc":{"start":{"line":493,"column":10},"end":{"line":493,"column":32}},"type":"binary-expr","locations":[{"start":{"line":493,"column":10},"end":{"line":493,"column":17}},{"start":{"line":493,"column":21},"end":{"line":493,"column":32}}]},"38":{"loc":{"start":{"line":497,"column":8},"end":{"line":509,"column":9}},"type":"if","locations":[{"start":{"line":497,"column":8},"end":{"line":509,"column":9}},{"start":{},"end":{}}]},"39":{"loc":{"start":{"line":513,"column":8},"end":{"line":515,"column":9}},"type":"if","locations":[{"start":{"line":513,"column":8},"end":{"line":515,"column":9}},{"start":{},"end":{}}]},"40":{"loc":{"start":{"line":536,"column":4},"end":{"line":542,"column":5}},"type":"if","locations":[{"start":{"line":536,"column":4},"end":{"line":542,"column":5}},{"start":{},"end":{}}]},"41":{"loc":{"start":{"line":547,"column":13},"end":{"line":547,"column":59}},"type":"binary-expr","locations":[{"start":{"line":547,"column":13},"end":{"line":547,"column":26}},{"start":{"line":547,"column":30},"end":{"line":547,"column":59}}]},"42":{"loc":{"start":{"line":557,"column":4},"end":{"line":562,"column":5}},"type":"if","locations":[{"start":{"line":557,"column":4},"end":{"line":562,"column":5}},{"start":{},"end":{}}]},"43":{"loc":{"start":{"line":557,"column":8},"end":{"line":557,"column":56}},"type":"binary-expr","locations":[{"start":{"line":557,"column":8},"end":{"line":557,"column":19}},{"start":{"line":557,"column":23},"end":{"line":557,"column":56}}]},"44":{"loc":{"start":{"line":575,"column":6},"end":{"line":577,"column":7}},"type":"if","locations":[{"start":{"line":575,"column":6},"end":{"line":577,"column":7}},{"start":{},"end":{}}]},"45":{"loc":{"start":{"line":575,"column":10},"end":{"line":575,"column":27}},"type":"binary-expr","locations":[{"start":{"line":575,"column":10},"end":{"line":575,"column":13}},{"start":{"line":575,"column":17},"end":{"line":575,"column":27}}]},"46":{"loc":{"start":{"line":592,"column":13},"end":{"line":592,"column":58}},"type":"binary-expr","locations":[{"start":{"line":592,"column":13},"end":{"line":592,"column":26}},{"start":{"line":592,"column":30},"end":{"line":592,"column":58}}]}},"s":{"0":1,"1":1,"2":1,"3":1,"4":1,"5":1,"6":1,"7":1,"8":1,"9":1,"10":1,"11":1,"12":1,"13":1,"14":1,"15":6,"16":6,"17":6,"18":6,"19":1,"20":6,"21":6,"22":1,"23":1,"24":1,"25":1,"26":5,"27":5,"28":1,"29":4,"30":4,"31":1,"32":1,"33":1,"34":1,"35":3,"36":3,"37":1,"38":2,"39":2,"40":1,"41":1,"42":1,"43":1,"44":0,"45":1,"46":1,"47":0,"48":1,"49":1,"50":1,"51":0,"52":1,"53":0,"54":0,"55":0,"56":0,"57":0,"58":0,"59":0,"60":0,"61":0,"62":0,"63":1,"64":2,"65":2,"66":2,"67":1,"68":1,"69":1,"70":1,"71":1,"72":1,"73":0,"74":0,"75":0,"76":1,"77":1,"78":1,"79":1,"80":1,"81":1,"82":1,"83":0,"84":0,"85":1,"86":2,"87":2,"88":1,"89":1,"90":1,"91":1,"92":1,"93":1,"94":1,"95":0,"96":0,"97":0,"98":0,"99":0,"100":0,"101":0,"102":0,"103":0,"104":0,"105":0,"106":1,"107":4,"108":4,"109":4,"110":2,"111":2,"112":2,"113":1,"114":1,"115":1,"116":1,"117":1,"118":0,"119":0,"120":1,"121":1,"122":1,"123":0,"124":0,"125":0,"126":0,"127":1,"128":1,"129":1,"130":1,"131":0,"132":1,"133":1,"134":0,"135":1,"136":1,"137":1,"138":1,"139":1,"140":1,"141":1,"142":1,"143":1,"144":0,"145":0,"146":1,"147":1,"148":0,"149":0,"150":1,"151":0,"152":0,"153":0,"154":0,"155":1,"156":0,"157":0,"158":0,"159":0,"160":0,"161":0,"162":0,"163":0,"164":0,"165":0,"166":0,"167":0,"168":0,"169":0,"170":0,"171":1},"f":{"0":6,"1":6,"2":4,"3":2,"4":0,"5":2,"6":1,"7":2,"8":0,"9":4,"10":0,"11":1,"12":0,"13":0},"b":{"0":[1,1],"1":[0,1],"2":[5,0],"3":[3,0],"4":[0,1],"5":[1,1],"6":[1,0],"7":[1,0],"8":[0,0],"9":[0,0],"10":[0,0],"11":[1,1],"12":[2,1],"13":[1,0],"14":[0,0],"15":[0,0],"16":[1,0],"17":[0,0],"18":[0,0],"19":[0,0],"20":[2,2],"21":[4,3],"22":[1,1],"23":[0,0],"24":[0,0],"25":[1,1],"26":[1,1],"27":[1,1],"28":[1,1],"29":[1,1],"30":[1,1],"31":[0,0],"32":[0,0],"33":[0,1],"34":[1,1],"35":[0,1],"36":[1,0],"37":[1,1],"38":[0,1],"39":[0,1],"40":[0,0],"41":[0,0],"42":[0,0],"43":[0,0],"44":[0,0],"45":[0,0],"46":[0,0]}}
,"C:\\dev\\serenity-aws\\apps\\api\\src\\routes\\checkin.routes.ts": {"path":"C:\\dev\\serenity-aws\\apps\\api\\src\\routes\\checkin.routes.ts","statementMap":{"0":{"start":{"line":1,"column":0},"end":{"line":1,"column":52}},"1":{"start":{"line":2,"column":0},"end":{"line":2,"column":55}},"2":{"start":{"line":3,"column":0},"end":{"line":3,"column":24}},"3":{"start":{"line":4,"column":0},"end":{"line":4,"column":28}},"4":{"start":{"line":6,"column":15},"end":{"line":6,"column":23}},"5":{"start":{"line":9,"column":22},"end":{"line":25,"column":2}},"6":{"start":{"line":27,"column":31},"end":{"line":34,"column":2}},"7":{"start":{"line":37,"column":17},"end":{"line":37,"column":26}},"8":{"start":{"line":38,"column":26},"end":{"line":38,"column":35}},"9":{"start":{"line":39,"column":17},"end":{"line":39,"column":26}},"10":{"start":{"line":45,"column":0},"end":{"line":112,"column":3}},"11":{"start":{"line":46,"column":2},"end":{"line":111,"column":3}},"12":{"start":{"line":47,"column":26},"end":{"line":47,"column":55}},"13":{"start":{"line":48,"column":19},"end":{"line":48,"column":31}},"14":{"start":{"line":50,"column":4},"end":{"line":52,"column":5}},"15":{"start":{"line":51,"column":6},"end":{"line":51,"column":71}},"16":{"start":{"line":54,"column":22},"end":{"line":54,"column":41}},"17":{"start":{"line":55,"column":20},"end":{"line":61,"column":6}},"18":{"start":{"line":64,"column":4},"end":{"line":66,"column":5}},"19":{"start":{"line":65,"column":6},"end":{"line":65,"column":31}},"20":{"start":{"line":67,"column":4},"end":{"line":67,"column":39}},"21":{"start":{"line":70,"column":25},"end":{"line":70,"column":51}},"22":{"start":{"line":71,"column":27},"end":{"line":71,"column":49}},"23":{"start":{"line":73,"column":21},"end":{"line":80,"column":6}},"24":{"start":{"line":74,"column":63},"end":{"line":74,"column":69}},"25":{"start":{"line":75,"column":66},"end":{"line":75,"column":75}},"26":{"start":{"line":76,"column":68},"end":{"line":76,"column":80}},"27":{"start":{"line":83,"column":4},"end":{"line":92,"column":5}},"28":{"start":{"line":85,"column":6},"end":{"line":85,"column":80}},"29":{"start":{"line":95,"column":4},"end":{"line":95,"column":89}},"30":{"start":{"line":97,"column":4},"end":{"line":102,"column":7}},"31":{"start":{"line":104,"column":4},"end":{"line":104,"column":44}},"32":{"start":{"line":106,"column":4},"end":{"line":108,"column":5}},"33":{"start":{"line":107,"column":6},"end":{"line":107,"column":89}},"34":{"start":{"line":110,"column":4},"end":{"line":110,"column":55}},"35":{"start":{"line":118,"column":0},"end":{"line":144,"column":3}},"36":{"start":{"line":119,"column":2},"end":{"line":143,"column":3}},"37":{"start":{"line":120,"column":19},"end":{"line":120,"column":31}},"38":{"start":{"line":121,"column":39},"end":{"line":121,"column":48}},"39":{"start":{"line":123,"column":4},"end":{"line":125,"column":5}},"40":{"start":{"line":124,"column":6},"end":{"line":124,"column":71}},"41":{"start":{"line":127,"column":25},"end":{"line":127,"column":51}},"42":{"start":{"line":128,"column":30},"end":{"line":130,"column":null}},"43":{"start":{"line":133,"column":4},"end":{"line":139,"column":7}},"44":{"start":{"line":141,"column":4},"end":{"line":141,"column":43}},"45":{"start":{"line":142,"column":4},"end":{"line":142,"column":66}},"46":{"start":{"line":150,"column":0},"end":{"line":201,"column":3}},"47":{"start":{"line":151,"column":2},"end":{"line":200,"column":3}},"48":{"start":{"line":152,"column":19},"end":{"line":152,"column":31}},"49":{"start":{"line":154,"column":4},"end":{"line":156,"column":5}},"50":{"start":{"line":155,"column":6},"end":{"line":155,"column":71}},"51":{"start":{"line":158,"column":25},"end":{"line":158,"column":51}},"52":{"start":{"line":160,"column":4},"end":{"line":168,"column":5}},"53":{"start":{"line":161,"column":6},"end":{"line":167,"column":9}},"54":{"start":{"line":170,"column":22},"end":{"line":170,"column":44}},"55":{"start":{"line":171,"column":23},"end":{"line":171,"column":46}},"56":{"start":{"line":173,"column":21},"end":{"line":191,"column":6}},"57":{"start":{"line":177,"column":57},"end":{"line":177,"column":63}},"58":{"start":{"line":178,"column":59},"end":{"line":178,"column":65}},"59":{"start":{"line":181,"column":57},"end":{"line":181,"column":66}},"60":{"start":{"line":182,"column":59},"end":{"line":182,"column":68}},"61":{"start":{"line":185,"column":57},"end":{"line":185,"column":69}},"62":{"start":{"line":186,"column":59},"end":{"line":186,"column":71}},"63":{"start":{"line":193,"column":4},"end":{"line":196,"column":7}},"64":{"start":{"line":198,"column":4},"end":{"line":198,"column":44}},"65":{"start":{"line":199,"column":4},"end":{"line":199,"column":67}},"66":{"start":{"line":207,"column":0},"end":{"line":255,"column":3}},"67":{"start":{"line":208,"column":2},"end":{"line":254,"column":3}},"68":{"start":{"line":209,"column":26},"end":{"line":209,"column":64}},"69":{"start":{"line":210,"column":19},"end":{"line":210,"column":31}},"70":{"start":{"line":212,"column":4},"end":{"line":214,"column":5}},"71":{"start":{"line":213,"column":6},"end":{"line":213,"column":71}},"72":{"start":{"line":216,"column":22},"end":{"line":216,"column":41}},"73":{"start":{"line":217,"column":20},"end":{"line":222,"column":6}},"74":{"start":{"line":224,"column":4},"end":{"line":226,"column":5}},"75":{"start":{"line":225,"column":6},"end":{"line":225,"column":40}},"76":{"start":{"line":229,"column":4},"end":{"line":234,"column":5}},"77":{"start":{"line":230,"column":27},"end":{"line":230,"column":56}},"78":{"start":{"line":231,"column":6},"end":{"line":233,"column":9}},"79":{"start":{"line":232,"column":8},"end":{"line":232,"column":28}},"80":{"start":{"line":236,"column":4},"end":{"line":236,"column":48}},"81":{"start":{"line":239,"column":4},"end":{"line":239,"column":85}},"82":{"start":{"line":241,"column":4},"end":{"line":245,"column":7}},"83":{"start":{"line":247,"column":4},"end":{"line":247,"column":53}},"84":{"start":{"line":249,"column":4},"end":{"line":251,"column":5}},"85":{"start":{"line":250,"column":6},"end":{"line":250,"column":89}},"86":{"start":{"line":253,"column":4},"end":{"line":253,"column":71}},"87":{"start":{"line":261,"column":0},"end":{"line":280,"column":3}},"88":{"start":{"line":262,"column":2},"end":{"line":279,"column":3}},"89":{"start":{"line":263,"column":19},"end":{"line":263,"column":31}},"90":{"start":{"line":265,"column":4},"end":{"line":267,"column":5}},"91":{"start":{"line":266,"column":6},"end":{"line":266,"column":71}},"92":{"start":{"line":269,"column":25},"end":{"line":269,"column":60}},"93":{"start":{"line":271,"column":4},"end":{"line":275,"column":7}},"94":{"start":{"line":277,"column":4},"end":{"line":277,"column":48}},"95":{"start":{"line":278,"column":4},"end":{"line":278,"column":67}},"96":{"start":{"line":286,"column":0},"end":{"line":325,"column":3}},"97":{"start":{"line":287,"column":2},"end":{"line":324,"column":3}},"98":{"start":{"line":288,"column":19},"end":{"line":288,"column":31}},"99":{"start":{"line":289,"column":43},"end":{"line":289,"column":51}},"100":{"start":{"line":291,"column":4},"end":{"line":293,"column":5}},"101":{"start":{"line":292,"column":6},"end":{"line":292,"column":71}},"102":{"start":{"line":295,"column":21},"end":{"line":295,"column":40}},"103":{"start":{"line":296,"column":25},"end":{"line":296,"column":60}},"104":{"start":{"line":299,"column":4},"end":{"line":299,"column":96}},"105":{"start":{"line":308,"column":29},"end":{"line":308,"column":86}},"106":{"start":{"line":308,"column":61},"end":{"line":308,"column":85}},"107":{"start":{"line":310,"column":4},"end":{"line":320,"column":7}},"108":{"start":{"line":322,"column":4},"end":{"line":322,"column":42}},"109":{"start":{"line":323,"column":4},"end":{"line":323,"column":98}},"110":{"start":{"line":329,"column":2},"end":{"line":329,"column":41}},"111":{"start":{"line":329,"column":25},"end":{"line":329,"column":41}},"112":{"start":{"line":330,"column":17},"end":{"line":330,"column":33}},"113":{"start":{"line":331,"column":16},"end":{"line":331,"column":36}},"114":{"start":{"line":332,"column":20},"end":{"line":332,"column":44}},"115":{"start":{"line":333,"column":19},"end":{"line":333,"column":42}},"116":{"start":{"line":335,"column":2},"end":{"line":335,"column":53}},"117":{"start":{"line":335,"column":34},"end":{"line":335,"column":53}},"118":{"start":{"line":336,"column":2},"end":{"line":336,"column":53}},"119":{"start":{"line":336,"column":34},"end":{"line":336,"column":53}},"120":{"start":{"line":337,"column":2},"end":{"line":337,"column":18}},"121":{"start":{"line":341,"column":2},"end":{"line":341,"column":36}},"122":{"start":{"line":341,"column":27},"end":{"line":341,"column":36}},"123":{"start":{"line":342,"column":2},"end":{"line":342,"column":67}},"124":{"start":{"line":342,"column":37},"end":{"line":342,"column":46}},"125":{"start":{"line":346,"column":2},"end":{"line":346,"column":38}},"126":{"start":{"line":346,"column":29},"end":{"line":346,"column":38}},"127":{"start":{"line":348,"column":15},"end":{"line":348,"column":16}},"128":{"start":{"line":349,"column":17},"end":{"line":350,"column":null}},"129":{"start":{"line":350,"column":4},"end":{"line":350,"column":69}},"130":{"start":{"line":353,"column":2},"end":{"line":363,"column":3}},"131":{"start":{"line":353,"column":15},"end":{"line":353,"column":16}},"132":{"start":{"line":354,"column":20},"end":{"line":354,"column":49}},"133":{"start":{"line":355,"column":21},"end":{"line":355,"column":54}},"134":{"start":{"line":356,"column":21},"end":{"line":356,"column":97}},"135":{"start":{"line":358,"column":4},"end":{"line":362,"column":5}},"136":{"start":{"line":359,"column":6},"end":{"line":359,"column":15}},"137":{"start":{"line":361,"column":6},"end":{"line":361,"column":12}},"138":{"start":{"line":365,"column":2},"end":{"line":365,"column":16}},"139":{"start":{"line":370,"column":2},"end":{"line":370,"column":44}},"140":{"start":{"line":370,"column":26},"end":{"line":370,"column":44}},"141":{"start":{"line":373,"column":2},"end":{"line":373,"column":63}},"142":{"start":{"line":373,"column":49},"end":{"line":373,"column":63}},"143":{"start":{"line":375,"column":18},"end":{"line":375,"column":19}},"144":{"start":{"line":378,"column":2},"end":{"line":378,"column":40}},"145":{"start":{"line":378,"column":25},"end":{"line":378,"column":40}},"146":{"start":{"line":379,"column":2},"end":{"line":379,"column":43}},"147":{"start":{"line":379,"column":28},"end":{"line":379,"column":43}},"148":{"start":{"line":380,"column":2},"end":{"line":380,"column":66}},"149":{"start":{"line":380,"column":51},"end":{"line":380,"column":66}},"150":{"start":{"line":381,"column":2},"end":{"line":381,"column":45}},"151":{"start":{"line":381,"column":30},"end":{"line":381,"column":45}},"152":{"start":{"line":382,"column":2},"end":{"line":382,"column":72}},"153":{"start":{"line":382,"column":57},"end":{"line":382,"column":72}},"154":{"start":{"line":383,"column":2},"end":{"line":383,"column":43}},"155":{"start":{"line":383,"column":28},"end":{"line":383,"column":43}},"156":{"start":{"line":384,"column":2},"end":{"line":384,"column":52}},"157":{"start":{"line":384,"column":37},"end":{"line":384,"column":52}},"158":{"start":{"line":385,"column":2},"end":{"line":385,"column":84}},"159":{"start":{"line":385,"column":69},"end":{"line":385,"column":84}},"160":{"start":{"line":386,"column":2},"end":{"line":386,"column":61}},"161":{"start":{"line":386,"column":46},"end":{"line":386,"column":61}},"162":{"start":{"line":387,"column":2},"end":{"line":387,"column":70}},"163":{"start":{"line":387,"column":55},"end":{"line":387,"column":70}},"164":{"start":{"line":389,"column":2},"end":{"line":389,"column":36}},"165":{"start":{"line":389,"column":22},"end":{"line":389,"column":36}},"166":{"start":{"line":390,"column":2},"end":{"line":390,"column":40}},"167":{"start":{"line":390,"column":22},"end":{"line":390,"column":40}},"168":{"start":{"line":391,"column":2},"end":{"line":391,"column":15}},"169":{"start":{"line":395,"column":22},"end":{"line":395,"column":24}},"170":{"start":{"line":397,"column":2},"end":{"line":399,"column":3}},"171":{"start":{"line":398,"column":4},"end":{"line":398,"column":76}},"172":{"start":{"line":400,"column":2},"end":{"line":402,"column":3}},"173":{"start":{"line":401,"column":4},"end":{"line":401,"column":70}},"174":{"start":{"line":403,"column":2},"end":{"line":405,"column":3}},"175":{"start":{"line":404,"column":4},"end":{"line":404,"column":75}},"176":{"start":{"line":406,"column":2},"end":{"line":408,"column":3}},"177":{"start":{"line":407,"column":4},"end":{"line":407,"column":66}},"178":{"start":{"line":409,"column":2},"end":{"line":411,"column":3}},"179":{"start":{"line":410,"column":4},"end":{"line":410,"column":76}},"180":{"start":{"line":413,"column":2},"end":{"line":413,"column":21}},"181":{"start":{"line":417,"column":2},"end":{"line":419,"column":3}},"182":{"start":{"line":418,"column":4},"end":{"line":418,"column":106}},"183":{"start":{"line":420,"column":2},"end":{"line":422,"column":3}},"184":{"start":{"line":421,"column":4},"end":{"line":421,"column":75}},"185":{"start":{"line":423,"column":2},"end":{"line":425,"column":3}},"186":{"start":{"line":424,"column":4},"end":{"line":424,"column":76}},"187":{"start":{"line":426,"column":2},"end":{"line":428,"column":3}},"188":{"start":{"line":427,"column":4},"end":{"line":427,"column":102}},"189":{"start":{"line":429,"column":2},"end":{"line":429,"column":79}},"190":{"start":{"line":434,"column":2},"end":{"line":439,"column":4}},"191":{"start":{"line":443,"column":23},"end":{"line":443,"column":25}},"192":{"start":{"line":444,"column":21},"end":{"line":444,"column":46}},"193":{"start":{"line":446,"column":2},"end":{"line":446,"column":60}},"194":{"start":{"line":446,"column":24},"end":{"line":446,"column":60}},"195":{"start":{"line":447,"column":2},"end":{"line":447,"column":57}},"196":{"start":{"line":447,"column":23},"end":{"line":447,"column":57}},"197":{"start":{"line":448,"column":2},"end":{"line":448,"column":64}},"198":{"start":{"line":448,"column":30},"end":{"line":448,"column":64}},"199":{"start":{"line":449,"column":2},"end":{"line":449,"column":81}},"200":{"start":{"line":449,"column":25},"end":{"line":449,"column":38}},"201":{"start":{"line":449,"column":41},"end":{"line":449,"column":81}},"202":{"start":{"line":451,"column":2},"end":{"line":451,"column":22}},"203":{"start":{"line":455,"column":2},"end":{"line":459,"column":4}},"204":{"start":{"line":462,"column":0},"end":{"line":462,"column":22}}},"fnMap":{"0":{"name":"(anonymous_1)","decl":{"start":{"line":45,"column":43},"end":{"line":45,"column":48}},"loc":{"start":{"line":45,"column":81},"end":{"line":112,"column":1}}},"1":{"name":"(anonymous_2)","decl":{"start":{"line":74,"column":51},"end":{"line":74,"column":52}},"loc":{"start":{"line":74,"column":63},"end":{"line":74,"column":69}}},"2":{"name":"(anonymous_3)","decl":{"start":{"line":75,"column":54},"end":{"line":75,"column":55}},"loc":{"start":{"line":75,"column":66},"end":{"line":75,"column":75}}},"3":{"name":"(anonymous_4)","decl":{"start":{"line":76,"column":56},"end":{"line":76,"column":57}},"loc":{"start":{"line":76,"column":68},"end":{"line":76,"column":80}}},"4":{"name":"(anonymous_5)","decl":{"start":{"line":118,"column":49},"end":{"line":118,"column":54}},"loc":{"start":{"line":118,"column":87},"end":{"line":144,"column":1}}},"5":{"name":"(anonymous_6)","decl":{"start":{"line":150,"column":50},"end":{"line":150,"column":55}},"loc":{"start":{"line":150,"column":88},"end":{"line":201,"column":1}}},"6":{"name":"(anonymous_7)","decl":{"start":{"line":177,"column":45},"end":{"line":177,"column":46}},"loc":{"start":{"line":177,"column":57},"end":{"line":177,"column":63}}},"7":{"name":"(anonymous_8)","decl":{"start":{"line":178,"column":47},"end":{"line":178,"column":48}},"loc":{"start":{"line":178,"column":59},"end":{"line":178,"column":65}}},"8":{"name":"(anonymous_9)","decl":{"start":{"line":181,"column":45},"end":{"line":181,"column":46}},"loc":{"start":{"line":181,"column":57},"end":{"line":181,"column":66}}},"9":{"name":"(anonymous_10)","decl":{"start":{"line":182,"column":47},"end":{"line":182,"column":48}},"loc":{"start":{"line":182,"column":59},"end":{"line":182,"column":68}}},"10":{"name":"(anonymous_11)","decl":{"start":{"line":185,"column":45},"end":{"line":185,"column":46}},"loc":{"start":{"line":185,"column":57},"end":{"line":185,"column":69}}},"11":{"name":"(anonymous_12)","decl":{"start":{"line":186,"column":47},"end":{"line":186,"column":48}},"loc":{"start":{"line":186,"column":59},"end":{"line":186,"column":71}}},"12":{"name":"(anonymous_13)","decl":{"start":{"line":207,"column":61},"end":{"line":207,"column":66}},"loc":{"start":{"line":207,"column":99},"end":{"line":255,"column":1}}},"13":{"name":"(anonymous_14)","decl":{"start":{"line":231,"column":27},"end":{"line":231,"column":28}},"loc":{"start":{"line":231,"column":38},"end":{"line":233,"column":7}}},"14":{"name":"(anonymous_15)","decl":{"start":{"line":261,"column":60},"end":{"line":261,"column":65}},"loc":{"start":{"line":261,"column":98},"end":{"line":280,"column":1}}},"15":{"name":"(anonymous_16)","decl":{"start":{"line":286,"column":49},"end":{"line":286,"column":54}},"loc":{"start":{"line":286,"column":87},"end":{"line":325,"column":1}}},"16":{"name":"(anonymous_17)","decl":{"start":{"line":308,"column":49},"end":{"line":308,"column":50}},"loc":{"start":{"line":308,"column":61},"end":{"line":308,"column":85}}},"17":{"name":"calculateTrend","decl":{"start":{"line":328,"column":9},"end":{"line":328,"column":23}},"loc":{"start":{"line":328,"column":40},"end":{"line":338,"column":1}}},"18":{"name":"calculateAverage","decl":{"start":{"line":340,"column":9},"end":{"line":340,"column":25}},"loc":{"start":{"line":340,"column":42},"end":{"line":343,"column":1}}},"19":{"name":"(anonymous_20)","decl":{"start":{"line":342,"column":23},"end":{"line":342,"column":24}},"loc":{"start":{"line":342,"column":37},"end":{"line":342,"column":46}}},"20":{"name":"calculateStreak","decl":{"start":{"line":345,"column":9},"end":{"line":345,"column":24}},"loc":{"start":{"line":345,"column":40},"end":{"line":366,"column":1}}},"21":{"name":"(anonymous_22)","decl":{"start":{"line":349,"column":36},"end":{"line":349,"column":37}},"loc":{"start":{"line":350,"column":4},"end":{"line":350,"column":69}}},"22":{"name":"calculateRiskLevel","decl":{"start":{"line":368,"column":9},"end":{"line":368,"column":27}},"loc":{"start":{"line":368,"column":40},"end":{"line":392,"column":1}}},"23":{"name":"generateSuggestions","decl":{"start":{"line":394,"column":9},"end":{"line":394,"column":28}},"loc":{"start":{"line":394,"column":64},"end":{"line":414,"column":1}}},"24":{"name":"getEncouragementMessage","decl":{"start":{"line":416,"column":9},"end":{"line":416,"column":32}},"loc":{"start":{"line":416,"column":65},"end":{"line":430,"column":1}}},"25":{"name":"identifyPatterns","decl":{"start":{"line":432,"column":9},"end":{"line":432,"column":25}},"loc":{"start":{"line":432,"column":41},"end":{"line":440,"column":1}}},"26":{"name":"calculateAchievements","decl":{"start":{"line":442,"column":9},"end":{"line":442,"column":30}},"loc":{"start":{"line":442,"column":46},"end":{"line":452,"column":1}}},"27":{"name":"(anonymous_28)","decl":{"start":{"line":449,"column":20},"end":{"line":449,"column":21}},"loc":{"start":{"line":449,"column":25},"end":{"line":449,"column":38}}},"28":{"name":"generateRecommendations","decl":{"start":{"line":454,"column":9},"end":{"line":454,"column":32}},"loc":{"start":{"line":454,"column":48},"end":{"line":460,"column":1}}}},"branchMap":{"0":{"loc":{"start":{"line":50,"column":4},"end":{"line":52,"column":5}},"type":"if","locations":[{"start":{"line":50,"column":4},"end":{"line":52,"column":5}},{"start":{},"end":{}}]},"1":{"loc":{"start":{"line":64,"column":4},"end":{"line":66,"column":5}},"type":"if","locations":[{"start":{"line":64,"column":4},"end":{"line":66,"column":5}},{"start":{},"end":{}}]},"2":{"loc":{"start":{"line":70,"column":25},"end":{"line":70,"column":51}},"type":"binary-expr","locations":[{"start":{"line":70,"column":25},"end":{"line":70,"column":45}},{"start":{"line":70,"column":49},"end":{"line":70,"column":51}}]},"3":{"loc":{"start":{"line":83,"column":4},"end":{"line":92,"column":5}},"type":"if","locations":[{"start":{"line":83,"column":4},"end":{"line":92,"column":5}},{"start":{},"end":{}}]},"4":{"loc":{"start":{"line":83,"column":8},"end":{"line":83,"column":71}},"type":"binary-expr","locations":[{"start":{"line":83,"column":8},"end":{"line":83,"column":26}},{"start":{"line":83,"column":30},"end":{"line":83,"column":47}},{"start":{"line":83,"column":51},"end":{"line":83,"column":71}}]},"5":{"loc":{"start":{"line":106,"column":4},"end":{"line":108,"column":5}},"type":"if","locations":[{"start":{"line":106,"column":4},"end":{"line":108,"column":5}},{"start":{},"end":{}}]},"6":{"loc":{"start":{"line":121,"column":12},"end":{"line":121,"column":22}},"type":"default-arg","locations":[{"start":{"line":121,"column":20},"end":{"line":121,"column":22}}]},"7":{"loc":{"start":{"line":121,"column":24},"end":{"line":121,"column":34}},"type":"default-arg","locations":[{"start":{"line":121,"column":33},"end":{"line":121,"column":34}}]},"8":{"loc":{"start":{"line":123,"column":4},"end":{"line":125,"column":5}},"type":"if","locations":[{"start":{"line":123,"column":4},"end":{"line":125,"column":5}},{"start":{},"end":{}}]},"9":{"loc":{"start":{"line":127,"column":25},"end":{"line":127,"column":51}},"type":"binary-expr","locations":[{"start":{"line":127,"column":25},"end":{"line":127,"column":45}},{"start":{"line":127,"column":49},"end":{"line":127,"column":51}}]},"10":{"loc":{"start":{"line":154,"column":4},"end":{"line":156,"column":5}},"type":"if","locations":[{"start":{"line":154,"column":4},"end":{"line":156,"column":5}},{"start":{},"end":{}}]},"11":{"loc":{"start":{"line":158,"column":25},"end":{"line":158,"column":51}},"type":"binary-expr","locations":[{"start":{"line":158,"column":25},"end":{"line":158,"column":45}},{"start":{"line":158,"column":49},"end":{"line":158,"column":51}}]},"12":{"loc":{"start":{"line":160,"column":4},"end":{"line":168,"column":5}},"type":"if","locations":[{"start":{"line":160,"column":4},"end":{"line":168,"column":5}},{"start":{},"end":{}}]},"13":{"loc":{"start":{"line":212,"column":4},"end":{"line":214,"column":5}},"type":"if","locations":[{"start":{"line":212,"column":4},"end":{"line":214,"column":5}},{"start":{},"end":{}}]},"14":{"loc":{"start":{"line":224,"column":4},"end":{"line":226,"column":5}},"type":"if","locations":[{"start":{"line":224,"column":4},"end":{"line":226,"column":5}},{"start":{},"end":{}}]},"15":{"loc":{"start":{"line":229,"column":4},"end":{"line":234,"column":5}},"type":"if","locations":[{"start":{"line":229,"column":4},"end":{"line":234,"column":5}},{"start":{},"end":{}}]},"16":{"loc":{"start":{"line":249,"column":4},"end":{"line":251,"column":5}},"type":"if","locations":[{"start":{"line":249,"column":4},"end":{"line":251,"column":5}},{"start":{},"end":{}}]},"17":{"loc":{"start":{"line":265,"column":4},"end":{"line":267,"column":5}},"type":"if","locations":[{"start":{"line":265,"column":4},"end":{"line":267,"column":5}},{"start":{},"end":{}}]},"18":{"loc":{"start":{"line":269,"column":25},"end":{"line":269,"column":60}},"type":"binary-expr","locations":[{"start":{"line":269,"column":25},"end":{"line":269,"column":54}},{"start":{"line":269,"column":58},"end":{"line":269,"column":60}}]},"19":{"loc":{"start":{"line":289,"column":21},"end":{"line":289,"column":38}},"type":"default-arg","locations":[{"start":{"line":289,"column":32},"end":{"line":289,"column":38}}]},"20":{"loc":{"start":{"line":291,"column":4},"end":{"line":293,"column":5}},"type":"if","locations":[{"start":{"line":291,"column":4},"end":{"line":293,"column":5}},{"start":{},"end":{}}]},"21":{"loc":{"start":{"line":296,"column":25},"end":{"line":296,"column":60}},"type":"binary-expr","locations":[{"start":{"line":296,"column":25},"end":{"line":296,"column":54}},{"start":{"line":296,"column":58},"end":{"line":296,"column":60}}]},"22":{"loc":{"start":{"line":329,"column":2},"end":{"line":329,"column":41}},"type":"if","locations":[{"start":{"line":329,"column":2},"end":{"line":329,"column":41}},{"start":{},"end":{}}]},"23":{"loc":{"start":{"line":335,"column":2},"end":{"line":335,"column":53}},"type":"if","locations":[{"start":{"line":335,"column":2},"end":{"line":335,"column":53}},{"start":{},"end":{}}]},"24":{"loc":{"start":{"line":336,"column":2},"end":{"line":336,"column":53}},"type":"if","locations":[{"start":{"line":336,"column":2},"end":{"line":336,"column":53}},{"start":{},"end":{}}]},"25":{"loc":{"start":{"line":341,"column":2},"end":{"line":341,"column":36}},"type":"if","locations":[{"start":{"line":341,"column":2},"end":{"line":341,"column":36}},{"start":{},"end":{}}]},"26":{"loc":{"start":{"line":346,"column":2},"end":{"line":346,"column":38}},"type":"if","locations":[{"start":{"line":346,"column":2},"end":{"line":346,"column":38}},{"start":{},"end":{}}]},"27":{"loc":{"start":{"line":358,"column":4},"end":{"line":362,"column":5}},"type":"if","locations":[{"start":{"line":358,"column":4},"end":{"line":362,"column":5}},{"start":{"line":360,"column":11},"end":{"line":362,"column":5}}]},"28":{"loc":{"start":{"line":370,"column":2},"end":{"line":370,"column":44}},"type":"if","locations":[{"start":{"line":370,"column":2},"end":{"line":370,"column":44}},{"start":{},"end":{}}]},"29":{"loc":{"start":{"line":373,"column":2},"end":{"line":373,"column":63}},"type":"if","locations":[{"start":{"line":373,"column":2},"end":{"line":373,"column":63}},{"start":{},"end":{}}]},"30":{"loc":{"start":{"line":373,"column":6},"end":{"line":373,"column":47}},"type":"binary-expr","locations":[{"start":{"line":373,"column":6},"end":{"line":373,"column":23}},{"start":{"line":373,"column":27},"end":{"line":373,"column":47}}]},"31":{"loc":{"start":{"line":378,"column":2},"end":{"line":378,"column":40}},"type":"if","locations":[{"start":{"line":378,"column":2},"end":{"line":378,"column":40}},{"start":{},"end":{}}]},"32":{"loc":{"start":{"line":379,"column":2},"end":{"line":379,"column":43}},"type":"if","locations":[{"start":{"line":379,"column":2},"end":{"line":379,"column":43}},{"start":{},"end":{}}]},"33":{"loc":{"start":{"line":380,"column":2},"end":{"line":380,"column":66}},"type":"if","locations":[{"start":{"line":380,"column":2},"end":{"line":380,"column":66}},{"start":{},"end":{}}]},"34":{"loc":{"start":{"line":380,"column":6},"end":{"line":380,"column":49}},"type":"binary-expr","locations":[{"start":{"line":380,"column":6},"end":{"line":380,"column":26}},{"start":{"line":380,"column":30},"end":{"line":380,"column":49}}]},"35":{"loc":{"start":{"line":381,"column":2},"end":{"line":381,"column":45}},"type":"if","locations":[{"start":{"line":381,"column":2},"end":{"line":381,"column":45}},{"start":{},"end":{}}]},"36":{"loc":{"start":{"line":382,"column":2},"end":{"line":382,"column":72}},"type":"if","locations":[{"start":{"line":382,"column":2},"end":{"line":382,"column":72}},{"start":{},"end":{}}]},"37":{"loc":{"start":{"line":382,"column":6},"end":{"line":382,"column":55}},"type":"binary-expr","locations":[{"start":{"line":382,"column":6},"end":{"line":382,"column":29}},{"start":{"line":382,"column":33},"end":{"line":382,"column":55}}]},"38":{"loc":{"start":{"line":383,"column":2},"end":{"line":383,"column":43}},"type":"if","locations":[{"start":{"line":383,"column":2},"end":{"line":383,"column":43}},{"start":{},"end":{}}]},"39":{"loc":{"start":{"line":384,"column":2},"end":{"line":384,"column":52}},"type":"if","locations":[{"start":{"line":384,"column":2},"end":{"line":384,"column":52}},{"start":{},"end":{}}]},"40":{"loc":{"start":{"line":385,"column":2},"end":{"line":385,"column":84}},"type":"if","locations":[{"start":{"line":385,"column":2},"end":{"line":385,"column":84}},{"start":{},"end":{}}]},"41":{"loc":{"start":{"line":385,"column":6},"end":{"line":385,"column":67}},"type":"binary-expr","locations":[{"start":{"line":385,"column":6},"end":{"line":385,"column":35}},{"start":{"line":385,"column":39},"end":{"line":385,"column":67}}]},"42":{"loc":{"start":{"line":386,"column":2},"end":{"line":386,"column":61}},"type":"if","locations":[{"start":{"line":386,"column":2},"end":{"line":386,"column":61}},{"start":{},"end":{}}]},"43":{"loc":{"start":{"line":386,"column":6},"end":{"line":386,"column":44}},"type":"binary-expr","locations":[{"start":{"line":386,"column":6},"end":{"line":386,"column":23}},{"start":{"line":386,"column":27},"end":{"line":386,"column":44}}]},"44":{"loc":{"start":{"line":387,"column":2},"end":{"line":387,"column":70}},"type":"if","locations":[{"start":{"line":387,"column":2},"end":{"line":387,"column":70}},{"start":{},"end":{}}]},"45":{"loc":{"start":{"line":387,"column":6},"end":{"line":387,"column":53}},"type":"binary-expr","locations":[{"start":{"line":387,"column":6},"end":{"line":387,"column":23}},{"start":{"line":387,"column":27},"end":{"line":387,"column":53}}]},"46":{"loc":{"start":{"line":389,"column":2},"end":{"line":389,"column":36}},"type":"if","locations":[{"start":{"line":389,"column":2},"end":{"line":389,"column":36}},{"start":{},"end":{}}]},"47":{"loc":{"start":{"line":390,"column":2},"end":{"line":390,"column":40}},"type":"if","locations":[{"start":{"line":390,"column":2},"end":{"line":390,"column":40}},{"start":{},"end":{}}]},"48":{"loc":{"start":{"line":397,"column":2},"end":{"line":399,"column":3}},"type":"if","locations":[{"start":{"line":397,"column":2},"end":{"line":399,"column":3}},{"start":{},"end":{}}]},"49":{"loc":{"start":{"line":400,"column":2},"end":{"line":402,"column":3}},"type":"if","locations":[{"start":{"line":400,"column":2},"end":{"line":402,"column":3}},{"start":{},"end":{}}]},"50":{"loc":{"start":{"line":403,"column":2},"end":{"line":405,"column":3}},"type":"if","locations":[{"start":{"line":403,"column":2},"end":{"line":405,"column":3}},{"start":{},"end":{}}]},"51":{"loc":{"start":{"line":406,"column":2},"end":{"line":408,"column":3}},"type":"if","locations":[{"start":{"line":406,"column":2},"end":{"line":408,"column":3}},{"start":{},"end":{}}]},"52":{"loc":{"start":{"line":409,"column":2},"end":{"line":411,"column":3}},"type":"if","locations":[{"start":{"line":409,"column":2},"end":{"line":411,"column":3}},{"start":{},"end":{}}]},"53":{"loc":{"start":{"line":417,"column":2},"end":{"line":419,"column":3}},"type":"if","locations":[{"start":{"line":417,"column":2},"end":{"line":419,"column":3}},{"start":{},"end":{}}]},"54":{"loc":{"start":{"line":420,"column":2},"end":{"line":422,"column":3}},"type":"if","locations":[{"start":{"line":420,"column":2},"end":{"line":422,"column":3}},{"start":{},"end":{}}]},"55":{"loc":{"start":{"line":423,"column":2},"end":{"line":425,"column":3}},"type":"if","locations":[{"start":{"line":423,"column":2},"end":{"line":425,"column":3}},{"start":{},"end":{}}]},"56":{"loc":{"start":{"line":426,"column":2},"end":{"line":428,"column":3}},"type":"if","locations":[{"start":{"line":426,"column":2},"end":{"line":428,"column":3}},{"start":{},"end":{}}]},"57":{"loc":{"start":{"line":446,"column":2},"end":{"line":446,"column":60}},"type":"if","locations":[{"start":{"line":446,"column":2},"end":{"line":446,"column":60}},{"start":{},"end":{}}]},"58":{"loc":{"start":{"line":447,"column":2},"end":{"line":447,"column":57}},"type":"if","locations":[{"start":{"line":447,"column":2},"end":{"line":447,"column":57}},{"start":{},"end":{}}]},"59":{"loc":{"start":{"line":448,"column":2},"end":{"line":448,"column":64}},"type":"if","locations":[{"start":{"line":448,"column":2},"end":{"line":448,"column":64}},{"start":{},"end":{}}]},"60":{"loc":{"start":{"line":449,"column":2},"end":{"line":449,"column":81}},"type":"if","locations":[{"start":{"line":449,"column":2},"end":{"line":449,"column":81}},{"start":{},"end":{}}]}},"s":{"0":1,"1":1,"2":1,"3":1,"4":1,"5":1,"6":1,"7":1,"8":1,"9":1,"10":1,"11":18,"12":18,"13":15,"14":15,"15":0,"16":15,"17":15,"18":15,"19":1,"20":15,"21":15,"22":15,"23":15,"24":84,"25":84,"26":84,"27":15,"28":3,"29":15,"30":15,"31":3,"32":3,"33":3,"34":0,"35":1,"36":2,"37":2,"38":2,"39":2,"40":0,"41":2,"42":2,"43":2,"44":0,"45":0,"46":1,"47":2,"48":2,"49":2,"50":0,"51":2,"52":2,"53":1,"54":1,"55":1,"56":1,"57":7,"58":12,"59":7,"60":12,"61":7,"62":12,"63":1,"64":0,"65":0,"66":1,"67":4,"68":4,"69":2,"70":2,"71":0,"72":2,"73":2,"74":2,"75":1,"76":2,"77":1,"78":1,"79":0,"80":2,"81":2,"82":2,"83":2,"84":2,"85":2,"86":0,"87":1,"88":1,"89":1,"90":1,"91":0,"92":1,"93":1,"94":0,"95":0,"96":1,"97":2,"98":2,"99":2,"100":2,"101":0,"102":2,"103":2,"104":2,"105":2,"106":4,"107":2,"108":0,"109":0,"110":30,"111":2,"112":28,"113":28,"114":28,"115":28,"116":28,"117":11,"118":17,"119":7,"120":10,"121":77,"122":4,"123":73,"124":289,"125":18,"126":0,"127":18,"128":18,"129":138,"130":18,"131":18,"132":17,"133":17,"134":17,"135":17,"136":0,"137":17,"138":18,"139":15,"140":1,"141":14,"142":2,"143":12,"144":12,"145":1,"146":12,"147":1,"148":12,"149":1,"150":12,"151":1,"152":12,"153":1,"154":12,"155":1,"156":12,"157":1,"158":12,"159":1,"160":12,"161":1,"162":12,"163":2,"164":12,"165":1,"166":11,"167":1,"168":10,"169":15,"170":15,"171":3,"172":15,"173":2,"174":15,"175":2,"176":15,"177":5,"178":15,"179":2,"180":15,"181":15,"182":0,"183":15,"184":0,"185":15,"186":3,"187":12,"188":2,"189":10,"190":1,"191":1,"192":1,"193":1,"194":0,"195":1,"196":0,"197":1,"198":0,"199":1,"200":12,"201":0,"202":1,"203":1,"204":1},"f":{"0":18,"1":84,"2":84,"3":84,"4":2,"5":2,"6":7,"7":12,"8":7,"9":12,"10":7,"11":12,"12":4,"13":0,"14":1,"15":2,"16":4,"17":30,"18":77,"19":289,"20":18,"21":138,"22":15,"23":15,"24":15,"25":1,"26":1,"27":12,"28":1},"b":{"0":[0,15],"1":[1,14],"2":[15,0],"3":[3,12],"4":[15,14,13],"5":[3,0],"6":[1],"7":[1],"8":[0,2],"9":[2,0],"10":[0,2],"11":[2,1],"12":[1,1],"13":[0,2],"14":[1,1],"15":[1,1],"16":[2,0],"17":[0,1],"18":[1,0],"19":[1],"20":[0,2],"21":[2,0],"22":[2,28],"23":[11,17],"24":[7,10],"25":[4,73],"26":[0,18],"27":[0,17],"28":[1,14],"29":[2,12],"30":[14,13],"31":[1,11],"32":[1,11],"33":[1,11],"34":[12,2],"35":[1,11],"36":[1,11],"37":[12,11],"38":[1,11],"39":[1,11],"40":[1,11],"41":[12,2],"42":[1,11],"43":[12,11],"44":[2,10],"45":[12,5],"46":[1,11],"47":[1,10],"48":[3,12],"49":[2,13],"50":[2,13],"51":[5,10],"52":[2,13],"53":[0,15],"54":[0,15],"55":[3,12],"56":[2,10],"57":[0,1],"58":[0,1],"59":[0,1],"60":[0,1]}}
,"C:\\dev\\serenity-aws\\apps\\api\\src\\routes\\provider.routes.ts": {"path":"C:\\dev\\serenity-aws\\apps\\api\\src\\routes\\provider.routes.ts","statementMap":{"0":{"start":{"line":1,"column":0},"end":{"line":1,"column":52}},"1":{"start":{"line":2,"column":0},"end":{"line":2,"column":55}},"2":{"start":{"line":3,"column":0},"end":{"line":3,"column":24}},"3":{"start":{"line":4,"column":0},"end":{"line":4,"column":28}},"4":{"start":{"line":6,"column":15},"end":{"line":6,"column":23}},"5":{"start":{"line":9,"column":32},"end":{"line":13,"column":2}},"6":{"start":{"line":15,"column":23},"end":{"line":30,"column":2}},"7":{"start":{"line":32,"column":22},"end":{"line":36,"column":2}},"8":{"start":{"line":39,"column":25},"end":{"line":39,"column":34}},"9":{"start":{"line":40,"column":18},"end":{"line":40,"column":27}},"10":{"start":{"line":41,"column":17},"end":{"line":41,"column":26}},"11":{"start":{"line":42,"column":21},"end":{"line":42,"column":30}},"12":{"start":{"line":48,"column":0},"end":{"line":143,"column":3}},"13":{"start":{"line":49,"column":2},"end":{"line":142,"column":3}},"14":{"start":{"line":50,"column":23},"end":{"line":50,"column":35}},"15":{"start":{"line":51,"column":21},"end":{"line":51,"column":39}},"16":{"start":{"line":53,"column":4},"end":{"line":55,"column":5}},"17":{"start":{"line":54,"column":6},"end":{"line":54,"column":75}},"18":{"start":{"line":58,"column":21},"end":{"line":58,"column":59}},"19":{"start":{"line":59,"column":26},"end":{"line":59,"column":41}},"20":{"start":{"line":60,"column":27},"end":{"line":60,"column":84}},"21":{"start":{"line":60,"column":55},"end":{"line":60,"column":76}},"22":{"start":{"line":63,"column":27},"end":{"line":63,"column":59}},"23":{"start":{"line":64,"column":27},"end":{"line":64,"column":59}},"24":{"start":{"line":65,"column":36},"end":{"line":65,"column":81}},"25":{"start":{"line":68,"column":28},"end":{"line":68,"column":32}},"26":{"start":{"line":69,"column":26},"end":{"line":69,"column":30}},"27":{"start":{"line":70,"column":27},"end":{"line":70,"column":75}},"28":{"start":{"line":73,"column":30},"end":{"line":73,"column":63}},"29":{"start":{"line":74,"column":26},"end":{"line":74,"column":30}},"30":{"start":{"line":75,"column":26},"end":{"line":75,"column":59}},"31":{"start":{"line":78,"column":38},"end":{"line":78,"column":40}},"32":{"start":{"line":79,"column":34},"end":{"line":79,"column":36}},"33":{"start":{"line":80,"column":22},"end":{"line":80,"column":90}},"34":{"start":{"line":81,"column":23},"end":{"line":81,"column":37}},"35":{"start":{"line":82,"column":31},"end":{"line":82,"column":34}},"36":{"start":{"line":83,"column":30},"end":{"line":83,"column":61}},"37":{"start":{"line":85,"column":26},"end":{"line":133,"column":6}},"38":{"start":{"line":135,"column":4},"end":{"line":138,"column":7}},"39":{"start":{"line":140,"column":4},"end":{"line":140,"column":45}},"40":{"start":{"line":141,"column":4},"end":{"line":141,"column":64}},"41":{"start":{"line":149,"column":0},"end":{"line":217,"column":3}},"42":{"start":{"line":150,"column":2},"end":{"line":216,"column":3}},"43":{"start":{"line":151,"column":23},"end":{"line":151,"column":35}},"44":{"start":{"line":152,"column":37},"end":{"line":152,"column":46}},"45":{"start":{"line":154,"column":4},"end":{"line":156,"column":5}},"46":{"start":{"line":155,"column":6},"end":{"line":155,"column":75}},"47":{"start":{"line":158,"column":19},"end":{"line":158,"column":57}},"48":{"start":{"line":161,"column":4},"end":{"line":163,"column":5}},"49":{"start":{"line":162,"column":6},"end":{"line":162,"column":66}},"50":{"start":{"line":162,"column":45},"end":{"line":162,"column":64}},"51":{"start":{"line":166,"column":4},"end":{"line":168,"column":5}},"52":{"start":{"line":167,"column":6},"end":{"line":167,"column":67}},"53":{"start":{"line":167,"column":45},"end":{"line":167,"column":65}},"54":{"start":{"line":171,"column":4},"end":{"line":177,"column":5}},"55":{"start":{"line":172,"column":26},"end":{"line":172,"column":54}},"56":{"start":{"line":173,"column":6},"end":{"line":176,"column":8}},"57":{"start":{"line":174,"column":8},"end":{"line":175,"column":51}},"58":{"start":{"line":180,"column":4},"end":{"line":206,"column":5}},"59":{"start":{"line":181,"column":6},"end":{"line":204,"column":8}},"60":{"start":{"line":205,"column":6},"end":{"line":205,"column":49}},"61":{"start":{"line":208,"column":4},"end":{"line":212,"column":7}},"62":{"start":{"line":214,"column":4},"end":{"line":214,"column":48}},"63":{"start":{"line":215,"column":4},"end":{"line":215,"column":67}},"64":{"start":{"line":223,"column":0},"end":{"line":307,"column":3}},"65":{"start":{"line":224,"column":2},"end":{"line":306,"column":3}},"66":{"start":{"line":225,"column":26},"end":{"line":225,"column":36}},"67":{"start":{"line":226,"column":23},"end":{"line":226,"column":35}},"68":{"start":{"line":229,"column":21},"end":{"line":229,"column":59}},"69":{"start":{"line":230,"column":20},"end":{"line":230,"column":65}},"70":{"start":{"line":230,"column":46},"end":{"line":230,"column":64}},"71":{"start":{"line":232,"column":4},"end":{"line":234,"column":5}},"72":{"start":{"line":233,"column":6},"end":{"line":233,"column":83}},"73":{"start":{"line":237,"column":21},"end":{"line":237,"column":45}},"74":{"start":{"line":240,"column":27},"end":{"line":294,"column":6}},"75":{"start":{"line":297,"column":4},"end":{"line":297,"column":84}},"76":{"start":{"line":299,"column":4},"end":{"line":302,"column":7}},"77":{"start":{"line":304,"column":4},"end":{"line":304,"column":47}},"78":{"start":{"line":305,"column":4},"end":{"line":305,"column":78}},"79":{"start":{"line":313,"column":0},"end":{"line":356,"column":3}},"80":{"start":{"line":314,"column":2},"end":{"line":355,"column":3}},"81":{"start":{"line":315,"column":26},"end":{"line":315,"column":65}},"82":{"start":{"line":316,"column":23},"end":{"line":316,"column":35}},"83":{"start":{"line":318,"column":4},"end":{"line":320,"column":5}},"84":{"start":{"line":319,"column":6},"end":{"line":319,"column":75}},"85":{"start":{"line":322,"column":22},"end":{"line":322,"column":41}},"86":{"start":{"line":323,"column":23},"end":{"line":332,"column":6}},"87":{"start":{"line":334,"column":4},"end":{"line":336,"column":5}},"88":{"start":{"line":335,"column":6},"end":{"line":335,"column":43}},"89":{"start":{"line":337,"column":4},"end":{"line":337,"column":54}},"90":{"start":{"line":340,"column":4},"end":{"line":340,"column":99}},"91":{"start":{"line":342,"column":4},"end":{"line":346,"column":7}},"92":{"start":{"line":348,"column":4},"end":{"line":348,"column":50}},"93":{"start":{"line":350,"column":4},"end":{"line":352,"column":5}},"94":{"start":{"line":351,"column":6},"end":{"line":351,"column":89}},"95":{"start":{"line":354,"column":4},"end":{"line":354,"column":64}},"96":{"start":{"line":362,"column":0},"end":{"line":403,"column":3}},"97":{"start":{"line":363,"column":2},"end":{"line":402,"column":3}},"98":{"start":{"line":364,"column":26},"end":{"line":364,"column":56}},"99":{"start":{"line":365,"column":23},"end":{"line":365,"column":35}},"100":{"start":{"line":368,"column":21},"end":{"line":368,"column":59}},"101":{"start":{"line":369,"column":22},"end":{"line":369,"column":81}},"102":{"start":{"line":369,"column":48},"end":{"line":369,"column":80}},"103":{"start":{"line":371,"column":4},"end":{"line":373,"column":5}},"104":{"start":{"line":372,"column":6},"end":{"line":372,"column":78}},"105":{"start":{"line":375,"column":23},"end":{"line":375,"column":42}},"106":{"start":{"line":376,"column":21},"end":{"line":382,"column":6}},"107":{"start":{"line":384,"column":4},"end":{"line":384,"column":53}},"108":{"start":{"line":387,"column":4},"end":{"line":387,"column":97}},"109":{"start":{"line":389,"column":4},"end":{"line":393,"column":7}},"110":{"start":{"line":395,"column":4},"end":{"line":395,"column":45}},"111":{"start":{"line":397,"column":4},"end":{"line":399,"column":5}},"112":{"start":{"line":398,"column":6},"end":{"line":398,"column":89}},"113":{"start":{"line":401,"column":4},"end":{"line":401,"column":66}},"114":{"start":{"line":409,"column":0},"end":{"line":455,"column":3}},"115":{"start":{"line":410,"column":2},"end":{"line":454,"column":3}},"116":{"start":{"line":411,"column":26},"end":{"line":411,"column":55}},"117":{"start":{"line":412,"column":23},"end":{"line":412,"column":35}},"118":{"start":{"line":415,"column":21},"end":{"line":415,"column":59}},"119":{"start":{"line":416,"column":20},"end":{"line":416,"column":79}},"120":{"start":{"line":416,"column":46},"end":{"line":416,"column":78}},"121":{"start":{"line":418,"column":4},"end":{"line":420,"column":5}},"122":{"start":{"line":419,"column":6},"end":{"line":419,"column":78}},"123":{"start":{"line":422,"column":22},"end":{"line":422,"column":41}},"124":{"start":{"line":423,"column":20},"end":{"line":431,"column":6}},"125":{"start":{"line":433,"column":4},"end":{"line":435,"column":5}},"126":{"start":{"line":434,"column":6},"end":{"line":434,"column":48}},"127":{"start":{"line":436,"column":4},"end":{"line":436,"column":56}},"128":{"start":{"line":439,"column":4},"end":{"line":439,"column":101}},"129":{"start":{"line":441,"column":4},"end":{"line":445,"column":7}},"130":{"start":{"line":447,"column":4},"end":{"line":447,"column":43}},"131":{"start":{"line":449,"column":4},"end":{"line":451,"column":5}},"132":{"start":{"line":450,"column":6},"end":{"line":450,"column":89}},"133":{"start":{"line":453,"column":4},"end":{"line":453,"column":62}},"134":{"start":{"line":461,"column":0},"end":{"line":510,"column":3}},"135":{"start":{"line":462,"column":2},"end":{"line":509,"column":3}},"136":{"start":{"line":463,"column":23},"end":{"line":463,"column":35}},"137":{"start":{"line":464,"column":35},"end":{"line":464,"column":44}},"138":{"start":{"line":466,"column":22},"end":{"line":496,"column":6}},"139":{"start":{"line":498,"column":4},"end":{"line":505,"column":7}},"140":{"start":{"line":507,"column":4},"end":{"line":507,"column":45}},"141":{"start":{"line":508,"column":4},"end":{"line":508,"column":68}},"142":{"start":{"line":512,"column":0},"end":{"line":512,"column":22}}},"fnMap":{"0":{"name":"(anonymous_1)","decl":{"start":{"line":48,"column":95},"end":{"line":48,"column":100}},"loc":{"start":{"line":48,"column":133},"end":{"line":143,"column":1}}},"1":{"name":"(anonymous_2)","decl":{"start":{"line":60,"column":43},"end":{"line":60,"column":44}},"loc":{"start":{"line":60,"column":55},"end":{"line":60,"column":76}}},"2":{"name":"(anonymous_3)","decl":{"start":{"line":149,"column":94},"end":{"line":149,"column":99}},"loc":{"start":{"line":149,"column":132},"end":{"line":217,"column":1}}},"3":{"name":"(anonymous_4)","decl":{"start":{"line":162,"column":33},"end":{"line":162,"column":34}},"loc":{"start":{"line":162,"column":45},"end":{"line":162,"column":64}}},"4":{"name":"(anonymous_5)","decl":{"start":{"line":167,"column":33},"end":{"line":167,"column":34}},"loc":{"start":{"line":167,"column":45},"end":{"line":167,"column":65}}},"5":{"name":"(anonymous_6)","decl":{"start":{"line":173,"column":33},"end":{"line":173,"column":34}},"loc":{"start":{"line":174,"column":8},"end":{"line":175,"column":51}}},"6":{"name":"(anonymous_7)","decl":{"start":{"line":223,"column":104},"end":{"line":223,"column":109}},"loc":{"start":{"line":223,"column":142},"end":{"line":307,"column":1}}},"7":{"name":"(anonymous_8)","decl":{"start":{"line":230,"column":34},"end":{"line":230,"column":35}},"loc":{"start":{"line":230,"column":46},"end":{"line":230,"column":64}}},"8":{"name":"(anonymous_9)","decl":{"start":{"line":313,"column":94},"end":{"line":313,"column":99}},"loc":{"start":{"line":313,"column":132},"end":{"line":356,"column":1}}},"9":{"name":"(anonymous_10)","decl":{"start":{"line":362,"column":96},"end":{"line":362,"column":101}},"loc":{"start":{"line":362,"column":134},"end":{"line":403,"column":1}}},"10":{"name":"(anonymous_11)","decl":{"start":{"line":369,"column":36},"end":{"line":369,"column":37}},"loc":{"start":{"line":369,"column":48},"end":{"line":369,"column":80}}},"11":{"name":"(anonymous_12)","decl":{"start":{"line":409,"column":94},"end":{"line":409,"column":99}},"loc":{"start":{"line":409,"column":132},"end":{"line":455,"column":1}}},"12":{"name":"(anonymous_13)","decl":{"start":{"line":416,"column":34},"end":{"line":416,"column":35}},"loc":{"start":{"line":416,"column":46},"end":{"line":416,"column":78}}},"13":{"name":"(anonymous_14)","decl":{"start":{"line":461,"column":95},"end":{"line":461,"column":100}},"loc":{"start":{"line":461,"column":133},"end":{"line":510,"column":1}}}},"branchMap":{"0":{"loc":{"start":{"line":53,"column":4},"end":{"line":55,"column":5}},"type":"if","locations":[{"start":{"line":53,"column":4},"end":{"line":55,"column":5}},{"start":{},"end":{}}]},"1":{"loc":{"start":{"line":58,"column":21},"end":{"line":58,"column":59}},"type":"binary-expr","locations":[{"start":{"line":58,"column":21},"end":{"line":58,"column":53}},{"start":{"line":58,"column":57},"end":{"line":58,"column":59}}]},"2":{"loc":{"start":{"line":154,"column":4},"end":{"line":156,"column":5}},"type":"if","locations":[{"start":{"line":154,"column":4},"end":{"line":156,"column":5}},{"start":{},"end":{}}]},"3":{"loc":{"start":{"line":158,"column":19},"end":{"line":158,"column":57}},"type":"binary-expr","locations":[{"start":{"line":158,"column":19},"end":{"line":158,"column":51}},{"start":{"line":158,"column":55},"end":{"line":158,"column":57}}]},"4":{"loc":{"start":{"line":161,"column":4},"end":{"line":163,"column":5}},"type":"if","locations":[{"start":{"line":161,"column":4},"end":{"line":163,"column":5}},{"start":{},"end":{}}]},"5":{"loc":{"start":{"line":166,"column":4},"end":{"line":168,"column":5}},"type":"if","locations":[{"start":{"line":166,"column":4},"end":{"line":168,"column":5}},{"start":{},"end":{}}]},"6":{"loc":{"start":{"line":171,"column":4},"end":{"line":177,"column":5}},"type":"if","locations":[{"start":{"line":171,"column":4},"end":{"line":177,"column":5}},{"start":{},"end":{}}]},"7":{"loc":{"start":{"line":174,"column":8},"end":{"line":175,"column":51}},"type":"binary-expr","locations":[{"start":{"line":174,"column":8},"end":{"line":174,"column":50}},{"start":{"line":175,"column":8},"end":{"line":175,"column":51}}]},"8":{"loc":{"start":{"line":180,"column":4},"end":{"line":206,"column":5}},"type":"if","locations":[{"start":{"line":180,"column":4},"end":{"line":206,"column":5}},{"start":{},"end":{}}]},"9":{"loc":{"start":{"line":229,"column":21},"end":{"line":229,"column":59}},"type":"binary-expr","locations":[{"start":{"line":229,"column":21},"end":{"line":229,"column":53}},{"start":{"line":229,"column":57},"end":{"line":229,"column":59}}]},"10":{"loc":{"start":{"line":232,"column":4},"end":{"line":234,"column":5}},"type":"if","locations":[{"start":{"line":232,"column":4},"end":{"line":234,"column":5}},{"start":{},"end":{}}]},"11":{"loc":{"start":{"line":272,"column":16},"end":{"line":283,"column":null}},"type":"binary-expr","locations":[{"start":{"line":272,"column":16},"end":{"line":272,"column":24}},{"start":{"line":272,"column":28},"end":{"line":283,"column":null}}]},"12":{"loc":{"start":{"line":318,"column":4},"end":{"line":320,"column":5}},"type":"if","locations":[{"start":{"line":318,"column":4},"end":{"line":320,"column":5}},{"start":{},"end":{}}]},"13":{"loc":{"start":{"line":334,"column":4},"end":{"line":336,"column":5}},"type":"if","locations":[{"start":{"line":334,"column":4},"end":{"line":336,"column":5}},{"start":{},"end":{}}]},"14":{"loc":{"start":{"line":350,"column":4},"end":{"line":352,"column":5}},"type":"if","locations":[{"start":{"line":350,"column":4},"end":{"line":352,"column":5}},{"start":{},"end":{}}]},"15":{"loc":{"start":{"line":368,"column":21},"end":{"line":368,"column":59}},"type":"binary-expr","locations":[{"start":{"line":368,"column":21},"end":{"line":368,"column":53}},{"start":{"line":368,"column":57},"end":{"line":368,"column":59}}]},"16":{"loc":{"start":{"line":371,"column":4},"end":{"line":373,"column":5}},"type":"if","locations":[{"start":{"line":371,"column":4},"end":{"line":373,"column":5}},{"start":{},"end":{}}]},"17":{"loc":{"start":{"line":397,"column":4},"end":{"line":399,"column":5}},"type":"if","locations":[{"start":{"line":397,"column":4},"end":{"line":399,"column":5}},{"start":{},"end":{}}]},"18":{"loc":{"start":{"line":415,"column":21},"end":{"line":415,"column":59}},"type":"binary-expr","locations":[{"start":{"line":415,"column":21},"end":{"line":415,"column":53}},{"start":{"line":415,"column":57},"end":{"line":415,"column":59}}]},"19":{"loc":{"start":{"line":418,"column":4},"end":{"line":420,"column":5}},"type":"if","locations":[{"start":{"line":418,"column":4},"end":{"line":420,"column":5}},{"start":{},"end":{}}]},"20":{"loc":{"start":{"line":433,"column":4},"end":{"line":435,"column":5}},"type":"if","locations":[{"start":{"line":433,"column":4},"end":{"line":435,"column":5}},{"start":{},"end":{}}]},"21":{"loc":{"start":{"line":449,"column":4},"end":{"line":451,"column":5}},"type":"if","locations":[{"start":{"line":449,"column":4},"end":{"line":451,"column":5}},{"start":{},"end":{}}]},"22":{"loc":{"start":{"line":502,"column":15},"end":{"line":502,"column":40}},"type":"binary-expr","locations":[{"start":{"line":502,"column":15},"end":{"line":502,"column":24}},{"start":{"line":502,"column":28},"end":{"line":502,"column":40}}]},"23":{"loc":{"start":{"line":503,"column":13},"end":{"line":503,"column":48}},"type":"binary-expr","locations":[{"start":{"line":503,"column":13},"end":{"line":503,"column":20}},{"start":{"line":503,"column":24},"end":{"line":503,"column":48}}]}},"s":{"0":1,"1":1,"2":1,"3":1,"4":1,"5":1,"6":1,"7":1,"8":1,"9":1,"10":1,"11":1,"12":1,"13":7,"14":7,"15":7,"16":7,"17":0,"18":7,"19":7,"20":7,"21":24,"22":7,"23":7,"24":7,"25":7,"26":7,"27":7,"28":7,"29":7,"30":7,"31":7,"32":7,"33":7,"34":7,"35":7,"36":7,"37":7,"38":7,"39":0,"40":0,"41":1,"42":4,"43":4,"44":4,"45":4,"46":0,"47":4,"48":4,"49":1,"50":2,"51":4,"52":1,"53":2,"54":4,"55":1,"56":1,"57":2,"58":4,"59":2,"60":2,"61":4,"62":0,"63":0,"64":1,"65":2,"66":2,"67":2,"68":2,"69":2,"70":4,"71":2,"72":1,"73":1,"74":1,"75":1,"76":1,"77":0,"78":0,"79":1,"80":6,"81":6,"82":4,"83":4,"84":0,"85":4,"86":4,"87":4,"88":0,"89":4,"90":4,"91":4,"92":2,"93":2,"94":2,"95":0,"96":1,"97":3,"98":3,"99":1,"100":1,"101":1,"102":1,"103":1,"104":0,"105":1,"106":1,"107":1,"108":1,"109":1,"110":2,"111":2,"112":2,"113":0,"114":1,"115":4,"116":4,"117":2,"118":2,"119":2,"120":7,"121":2,"122":1,"123":1,"124":1,"125":1,"126":1,"127":1,"128":1,"129":1,"130":2,"131":2,"132":2,"133":0,"134":1,"135":3,"136":3,"137":3,"138":3,"139":3,"140":0,"141":0,"142":1},"f":{"0":7,"1":24,"2":4,"3":2,"4":2,"5":2,"6":2,"7":4,"8":6,"9":3,"10":1,"11":4,"12":7,"13":3},"b":{"0":[0,7],"1":[7,3],"2":[0,4],"3":[4,1],"4":[1,3],"5":[1,3],"6":[1,3],"7":[2,1],"8":[2,2],"9":[2,0],"10":[1,1],"11":[1,1],"12":[0,4],"13":[0,4],"14":[2,0],"15":[1,0],"16":[0,1],"17":[2,0],"18":[2,0],"19":[1,1],"20":[1,0],"21":[2,0],"22":[3,2],"23":[3,2]}}
,"C:\\dev\\serenity-aws\\apps\\api\\src\\services\\auth.service.ts": {"path":"C:\\dev\\serenity-aws\\apps\\api\\src\\services\\auth.service.ts","statementMap":{"0":{"start":{"line":1,"column":0},"end":{"line":1,"column":192}},"1":{"start":{"line":3,"column":0},"end":{"line":3,"column":31}},"2":{"start":{"line":4,"column":0},"end":{"line":4,"column":36}},"3":{"start":{"line":5,"column":0},"end":{"line":5,"column":33}},"4":{"start":{"line":35,"column":22},"end":{"line":37,"column":2}},"5":{"start":{"line":40,"column":19},"end":{"line":40,"column":45}},"6":{"start":{"line":41,"column":27},"end":{"line":46,"column":2}},"7":{"start":{"line":48,"column":22},"end":{"line":48,"column":90}},"8":{"start":{"line":56,"column":20},"end":{"line":56,"column":57}},"9":{"start":{"line":57,"column":4},"end":{"line":59,"column":5}},"10":{"start":{"line":58,"column":6},"end":{"line":58,"column":46}},"11":{"start":{"line":62,"column":16},"end":{"line":62,"column":55}},"12":{"start":{"line":63,"column":4},"end":{"line":65,"column":5}},"13":{"start":{"line":64,"column":6},"end":{"line":64,"column":52}},"14":{"start":{"line":66,"column":23},"end":{"line":66,"column":41}},"15":{"start":{"line":69,"column":20},"end":{"line":72,"column":22}},"16":{"start":{"line":74,"column":4},"end":{"line":74,"column":19}},"17":{"start":{"line":81,"column":20},"end":{"line":92,"column":6}},"18":{"start":{"line":94,"column":21},"end":{"line":94,"column":54}},"19":{"start":{"line":97,"column":31},"end":{"line":102,"column":6}},"20":{"start":{"line":104,"column":4},"end":{"line":104,"column":49}},"21":{"start":{"line":107,"column":30},"end":{"line":111,"column":6}},"22":{"start":{"line":113,"column":4},"end":{"line":113,"column":48}},"23":{"start":{"line":115,"column":4},"end":{"line":115,"column":25}},"24":{"start":{"line":122,"column":20},"end":{"line":125,"column":6}},"25":{"start":{"line":127,"column":21},"end":{"line":127,"column":54}},"26":{"start":{"line":128,"column":4},"end":{"line":128,"column":20}},"27":{"start":{"line":50,"column":0},"end":{"line":50,"column":13}},"28":{"start":{"line":134,"column":9},"end":{"line":167,"column":4}},"29":{"start":{"line":135,"column":4},"end":{"line":166,"column":5}},"30":{"start":{"line":136,"column":25},"end":{"line":136,"column":50}},"31":{"start":{"line":138,"column":6},"end":{"line":140,"column":7}},"32":{"start":{"line":139,"column":8},"end":{"line":139,"column":68}},"33":{"start":{"line":142,"column":20},"end":{"line":142,"column":43}},"34":{"start":{"line":143,"column":22},"end":{"line":143,"column":58}},"35":{"start":{"line":146,"column":18},"end":{"line":146,"column":47}},"36":{"start":{"line":147,"column":23},"end":{"line":147,"column":40}},"37":{"start":{"line":148,"column":29},"end":{"line":148,"column":36}},"38":{"start":{"line":150,"column":6},"end":{"line":152,"column":7}},"39":{"start":{"line":151,"column":8},"end":{"line":151,"column":81}},"40":{"start":{"line":155,"column":6},"end":{"line":160,"column":8}},"41":{"start":{"line":162,"column":6},"end":{"line":162,"column":13}},"42":{"start":{"line":164,"column":6},"end":{"line":164,"column":52}},"43":{"start":{"line":165,"column":6},"end":{"line":165,"column":62}},"44":{"start":{"line":172,"column":9},"end":{"line":184,"column":4}},"45":{"start":{"line":173,"column":4},"end":{"line":183,"column":6}},"46":{"start":{"line":174,"column":6},"end":{"line":176,"column":7}},"47":{"start":{"line":175,"column":8},"end":{"line":175,"column":74}},"48":{"start":{"line":178,"column":6},"end":{"line":180,"column":7}},"49":{"start":{"line":179,"column":8},"end":{"line":179,"column":75}},"50":{"start":{"line":182,"column":6},"end":{"line":182,"column":13}},"51":{"start":{"line":189,"column":9},"end":{"line":215,"column":4}},"52":{"start":{"line":190,"column":4},"end":{"line":214,"column":6}},"53":{"start":{"line":191,"column":6},"end":{"line":213,"column":7}},"54":{"start":{"line":192,"column":27},"end":{"line":192,"column":52}},"55":{"start":{"line":193,"column":8},"end":{"line":195,"column":9}},"56":{"start":{"line":194,"column":10},"end":{"line":194,"column":79}},"57":{"start":{"line":197,"column":22},"end":{"line":197,"column":45}},"58":{"start":{"line":198,"column":24},"end":{"line":198,"column":60}},"59":{"start":{"line":200,"column":20},"end":{"line":200,"column":49}},"60":{"start":{"line":201,"column":25},"end":{"line":201,"column":42}},"61":{"start":{"line":203,"column":8},"end":{"line":208,"column":9}},"62":{"start":{"line":204,"column":10},"end":{"line":207,"column":13}},"63":{"start":{"line":210,"column":8},"end":{"line":210,"column":15}},"64":{"start":{"line":212,"column":8},"end":{"line":212,"column":72}},"65":{"start":{"line":219,"column":13},"end":{"line":219,"column":45}}},"fnMap":{"0":{"name":"(anonymous_10)","decl":{"start":{"line":54,"column":2},"end":{"line":54,"column":8}},"loc":{"start":{"line":54,"column":40},"end":{"line":75,"column":3}}},"1":{"name":"(anonymous_11)","decl":{"start":{"line":80,"column":2},"end":{"line":80,"column":8}},"loc":{"start":{"line":80,"column":89},"end":{"line":116,"column":3}}},"2":{"name":"(anonymous_12)","decl":{"start":{"line":121,"column":2},"end":{"line":121,"column":8}},"loc":{"start":{"line":121,"column":39},"end":{"line":129,"column":3}}},"3":{"name":"(anonymous_13)","decl":{"start":{"line":134,"column":24},"end":{"line":134,"column":29}},"loc":{"start":{"line":134,"column":82},"end":{"line":167,"column":3}}},"4":{"name":"(anonymous_14)","decl":{"start":{"line":172,"column":21},"end":{"line":172,"column":22}},"loc":{"start":{"line":172,"column":51},"end":{"line":184,"column":3}}},"5":{"name":"(anonymous_15)","decl":{"start":{"line":173,"column":11},"end":{"line":173,"column":12}},"loc":{"start":{"line":173,"column":63},"end":{"line":183,"column":5}}},"6":{"name":"(anonymous_16)","decl":{"start":{"line":189,"column":29},"end":{"line":189,"column":30}},"loc":{"start":{"line":189,"column":57},"end":{"line":215,"column":3}}},"7":{"name":"(anonymous_17)","decl":{"start":{"line":190,"column":11},"end":{"line":190,"column":16}},"loc":{"start":{"line":190,"column":69},"end":{"line":214,"column":5}}}},"branchMap":{"0":{"loc":{"start":{"line":36,"column":10},"end":{"line":36,"column":47}},"type":"binary-expr","locations":[{"start":{"line":36,"column":10},"end":{"line":36,"column":32}},{"start":{"line":36,"column":36},"end":{"line":36,"column":47}}]},"1":{"loc":{"start":{"line":40,"column":19},"end":{"line":40,"column":45}},"type":"binary-expr","locations":[{"start":{"line":40,"column":19},"end":{"line":40,"column":34}},{"start":{"line":40,"column":38},"end":{"line":40,"column":45}}]},"2":{"loc":{"start":{"line":42,"column":34},"end":{"line":42,"column":71}},"type":"binary-expr","locations":[{"start":{"line":42,"column":34},"end":{"line":42,"column":56}},{"start":{"line":42,"column":60},"end":{"line":42,"column":71}}]},"3":{"loc":{"start":{"line":57,"column":4},"end":{"line":59,"column":5}},"type":"if","locations":[{"start":{"line":57,"column":4},"end":{"line":59,"column":5}},{"start":{},"end":{}}]},"4":{"loc":{"start":{"line":57,"column":8},"end":{"line":57,"column":47}},"type":"binary-expr","locations":[{"start":{"line":57,"column":8},"end":{"line":57,"column":16}},{"start":{"line":57,"column":20},"end":{"line":57,"column":47}}]},"5":{"loc":{"start":{"line":63,"column":4},"end":{"line":65,"column":5}},"type":"if","locations":[{"start":{"line":63,"column":4},"end":{"line":65,"column":5}},{"start":{},"end":{}}]},"6":{"loc":{"start":{"line":71,"column":37},"end":{"line":71,"column":74}},"type":"binary-expr","locations":[{"start":{"line":71,"column":37},"end":{"line":71,"column":59}},{"start":{"line":71,"column":63},"end":{"line":71,"column":74}}]},"7":{"loc":{"start":{"line":138,"column":6},"end":{"line":140,"column":7}},"type":"if","locations":[{"start":{"line":138,"column":6},"end":{"line":140,"column":7}},{"start":{},"end":{}}]},"8":{"loc":{"start":{"line":138,"column":10},"end":{"line":138,"column":58}},"type":"binary-expr","locations":[{"start":{"line":138,"column":10},"end":{"line":138,"column":21}},{"start":{"line":138,"column":25},"end":{"line":138,"column":58}}]},"9":{"loc":{"start":{"line":150,"column":6},"end":{"line":152,"column":7}},"type":"if","locations":[{"start":{"line":150,"column":6},"end":{"line":152,"column":7}},{"start":{},"end":{}}]},"10":{"loc":{"start":{"line":174,"column":6},"end":{"line":176,"column":7}},"type":"if","locations":[{"start":{"line":174,"column":6},"end":{"line":176,"column":7}},{"start":{},"end":{}}]},"11":{"loc":{"start":{"line":178,"column":6},"end":{"line":180,"column":7}},"type":"if","locations":[{"start":{"line":178,"column":6},"end":{"line":180,"column":7}},{"start":{},"end":{}}]},"12":{"loc":{"start":{"line":189,"column":30},"end":{"line":189,"column":53}},"type":"default-arg","locations":[{"start":{"line":189,"column":47},"end":{"line":189,"column":53}}]},"13":{"loc":{"start":{"line":193,"column":8},"end":{"line":195,"column":9}},"type":"if","locations":[{"start":{"line":193,"column":8},"end":{"line":195,"column":9}},{"start":{},"end":{}}]},"14":{"loc":{"start":{"line":203,"column":8},"end":{"line":208,"column":9}},"type":"if","locations":[{"start":{"line":203,"column":8},"end":{"line":208,"column":9}},{"start":{},"end":{}}]}},"s":{"0":1,"1":1,"2":1,"3":1,"4":1,"5":1,"6":1,"7":1,"8":0,"9":0,"10":0,"11":0,"12":0,"13":0,"14":0,"15":0,"16":0,"17":0,"18":0,"19":0,"20":0,"21":0,"22":0,"23":0,"24":0,"25":0,"26":0,"27":1,"28":1,"29":0,"30":0,"31":0,"32":0,"33":0,"34":0,"35":0,"36":0,"37":0,"38":0,"39":0,"40":0,"41":0,"42":0,"43":0,"44":1,"45":0,"46":0,"47":0,"48":0,"49":0,"50":0,"51":1,"52":0,"53":0,"54":0,"55":0,"56":0,"57":0,"58":0,"59":0,"60":0,"61":0,"62":0,"63":0,"64":0,"65":1},"f":{"0":0,"1":0,"2":0,"3":0,"4":0,"5":0,"6":0,"7":0},"b":{"0":[1,1],"1":[1,0],"2":[1,1],"3":[0,0],"4":[0,0],"5":[0,0],"6":[0,0],"7":[0,0],"8":[0,0],"9":[0,0],"10":[0,0],"11":[0,0],"12":[0],"13":[0,0],"14":[0,0]}}
}
