TN:
SF:src\routes\auth.routes.ts
FN:64,calculateSecretHash
FN:72,(anonymous_2)
FN:111,(anonymous_3)
FN:143,(anonymous_4)
FN:203,(anonymous_5)
FN:244,(anonymous_6)
FN:288,(anonymous_7)
FN:316,(anonymous_8)
FN:345,(anonymous_9)
FN:379,(anonymous_10)
FN:408,(anonymous_11)
FN:454,(anonymous_12)
FN:553,(anonymous_13)
FN:573,(anonymous_14)
FNF:14
FNH:9
FNDA:8,calculateSecretHash
FNDA:6,(anonymous_2)
FNDA:4,(anonymous_3)
FNDA:4,(anonymous_4)
FNDA:0,(anonymous_5)
FNDA:2,(anonymous_6)
FNDA:1,(anonymous_7)
FNDA:2,(anonymous_8)
FNDA:0,(anonymous_9)
FNDA:5,(anonymous_10)
FNDA:0,(anonymous_11)
FNDA:1,(anonymous_12)
FNDA:0,(anonymous_13)
FNDA:0,(anonymous_14)
DA:1,1
DA:2,1
DA:13,1
DA:14,1
DA:15,1
DA:17,1
DA:20,1
DA:24,1
DA:25,1
DA:28,1
DA:37,1
DA:42,1
DA:47,1
DA:51,1
DA:57,1
DA:65,8
DA:66,8
DA:67,8
DA:68,8
DA:72,1
DA:73,6
DA:74,6
DA:75,1
DA:78,1
DA:92,1
DA:94,1
DA:102,5
DA:103,5
DA:111,1
DA:112,4
DA:113,4
DA:114,1
DA:116,1
DA:123,1
DA:129,1
DA:134,3
DA:135,3
DA:143,1
DA:144,4
DA:146,4
DA:147,3
DA:149,3
DA:159,3
DA:162,3
DA:163,0
DA:172,3
DA:173,3
DA:181,0
DA:184,1
DA:187,1
DA:188,1
DA:195,0
DA:203,1
DA:204,0
DA:205,0
DA:206,0
DA:208,0
DA:219,0
DA:221,0
DA:222,0
DA:232,0
DA:235,0
DA:236,0
DA:244,1
DA:245,2
DA:246,2
DA:248,2
DA:249,1
DA:255,1
DA:257,1
DA:266,1
DA:268,1
DA:269,1
DA:276,0
DA:279,0
DA:280,0
DA:288,1
DA:289,1
DA:290,1
DA:291,1
DA:293,1
DA:299,1
DA:301,1
DA:307,0
DA:308,0
DA:316,1
DA:317,2
DA:318,2
DA:319,1
DA:321,1
DA:329,1
DA:331,1
DA:336,1
DA:337,1
DA:345,1
DA:346,0
DA:347,0
DA:349,0
DA:350,0
DA:353,0
DA:357,0
DA:358,0
DA:361,0
DA:365,0
DA:370,0
DA:371,0
DA:379,1
DA:380,5
DA:381,5
DA:383,5
DA:384,2
DA:390,3
DA:393,3
DA:394,1
DA:400,2
DA:404,2
DA:407,2
DA:408,2
DA:409,0
DA:410,0
DA:414,2
DA:423,2
DA:432,2
DA:437,0
DA:439,0
DA:440,0
DA:446,0
DA:454,1
DA:455,1
DA:456,1
DA:458,1
DA:459,0
DA:466,1
DA:469,1
DA:470,0
DA:479,1
DA:483,1
DA:487,1
DA:489,1
DA:491,1
DA:493,1
DA:494,1
DA:495,1
DA:497,1
DA:499,0
DA:501,0
DA:512,1
DA:513,1
DA:514,0
DA:520,0
DA:524,1
DA:534,0
DA:536,0
DA:537,0
DA:544,0
DA:553,1
DA:554,0
DA:555,0
DA:557,0
DA:558,0
DA:564,0
DA:566,0
DA:570,0
DA:573,0
DA:574,0
DA:575,0
DA:576,0
DA:578,0
DA:581,0
DA:589,0
DA:590,0
DA:597,1
LF:172
LH:112
BRDA:21,0,0,1
BRDA:21,0,1,1
BRDA:88,1,0,0
BRDA:88,1,1,1
BRDA:105,2,0,5
BRDA:105,2,1,0
BRDA:137,3,0,3
BRDA:137,3,1,0
BRDA:162,4,0,0
BRDA:162,4,1,3
BRDA:162,5,0,3
BRDA:162,5,1,3
BRDA:172,6,0,3
BRDA:172,6,1,0
BRDA:187,7,0,1
BRDA:187,7,1,0
BRDA:197,8,0,0
BRDA:197,8,1,0
BRDA:221,9,0,0
BRDA:221,9,1,0
BRDA:238,10,0,0
BRDA:238,10,1,0
BRDA:248,11,0,1
BRDA:248,11,1,1
BRDA:248,12,0,2
BRDA:248,12,1,1
BRDA:268,13,0,1
BRDA:268,13,1,0
BRDA:282,14,0,0
BRDA:282,14,1,0
BRDA:310,15,0,0
BRDA:310,15,1,0
BRDA:339,16,0,1
BRDA:339,16,1,0
BRDA:349,17,0,0
BRDA:349,17,1,0
BRDA:349,18,0,0
BRDA:349,18,1,0
BRDA:373,19,0,0
BRDA:373,19,1,0
BRDA:383,20,0,2
BRDA:383,20,1,3
BRDA:383,21,0,5
BRDA:383,21,1,4
BRDA:393,22,0,1
BRDA:393,22,1,2
BRDA:409,23,0,0
BRDA:409,23,1,0
BRDA:409,24,0,0
BRDA:409,24,1,0
BRDA:424,25,0,2
BRDA:424,25,1,2
BRDA:425,26,0,2
BRDA:425,26,1,2
BRDA:426,27,0,2
BRDA:426,27,1,2
BRDA:427,28,0,2
BRDA:427,28,1,2
BRDA:428,29,0,2
BRDA:428,29,1,2
BRDA:429,30,0,2
BRDA:429,30,1,2
BRDA:439,31,0,0
BRDA:439,31,1,0
BRDA:448,32,0,0
BRDA:448,32,1,0
BRDA:458,33,0,0
BRDA:458,33,1,1
BRDA:458,34,0,1
BRDA:458,34,1,1
BRDA:469,35,0,0
BRDA:469,35,1,1
BRDA:493,36,0,1
BRDA:493,36,1,0
BRDA:493,37,0,1
BRDA:493,37,1,1
BRDA:497,38,0,0
BRDA:497,38,1,1
BRDA:513,39,0,0
BRDA:513,39,1,1
BRDA:536,40,0,0
BRDA:536,40,1,0
BRDA:547,41,0,0
BRDA:547,41,1,0
BRDA:557,42,0,0
BRDA:557,42,1,0
BRDA:557,43,0,0
BRDA:557,43,1,0
BRDA:575,44,0,0
BRDA:575,44,1,0
BRDA:575,45,0,0
BRDA:575,45,1,0
BRDA:592,46,0,0
BRDA:592,46,1,0
BRF:94
BRH:43
end_of_record
TN:
SF:src\routes\checkin.routes.ts
FN:45,(anonymous_1)
FN:74,(anonymous_2)
FN:75,(anonymous_3)
FN:76,(anonymous_4)
FN:118,(anonymous_5)
FN:150,(anonymous_6)
FN:177,(anonymous_7)
FN:178,(anonymous_8)
FN:181,(anonymous_9)
FN:182,(anonymous_10)
FN:185,(anonymous_11)
FN:186,(anonymous_12)
FN:207,(anonymous_13)
FN:231,(anonymous_14)
FN:261,(anonymous_15)
FN:286,(anonymous_16)
FN:308,(anonymous_17)
FN:328,calculateTrend
FN:340,calculateAverage
FN:342,(anonymous_20)
FN:345,calculateStreak
FN:349,(anonymous_22)
FN:368,calculateRiskLevel
FN:394,generateSuggestions
FN:416,getEncouragementMessage
FN:432,identifyPatterns
FN:442,calculateAchievements
FN:449,(anonymous_28)
FN:454,generateRecommendations
FNF:29
FNH:28
FNDA:18,(anonymous_1)
FNDA:84,(anonymous_2)
FNDA:84,(anonymous_3)
FNDA:84,(anonymous_4)
FNDA:2,(anonymous_5)
FNDA:2,(anonymous_6)
FNDA:7,(anonymous_7)
FNDA:12,(anonymous_8)
FNDA:7,(anonymous_9)
FNDA:12,(anonymous_10)
FNDA:7,(anonymous_11)
FNDA:12,(anonymous_12)
FNDA:4,(anonymous_13)
FNDA:0,(anonymous_14)
FNDA:1,(anonymous_15)
FNDA:2,(anonymous_16)
FNDA:4,(anonymous_17)
FNDA:30,calculateTrend
FNDA:77,calculateAverage
FNDA:289,(anonymous_20)
FNDA:18,calculateStreak
FNDA:138,(anonymous_22)
FNDA:15,calculateRiskLevel
FNDA:15,generateSuggestions
FNDA:15,getEncouragementMessage
FNDA:1,identifyPatterns
FNDA:1,calculateAchievements
FNDA:12,(anonymous_28)
FNDA:1,generateRecommendations
DA:1,1
DA:2,1
DA:3,1
DA:4,1
DA:6,1
DA:9,1
DA:27,1
DA:37,1
DA:38,1
DA:39,1
DA:45,1
DA:46,18
DA:47,18
DA:48,15
DA:50,15
DA:51,0
DA:54,15
DA:55,15
DA:64,15
DA:65,1
DA:67,15
DA:70,15
DA:71,15
DA:73,15
DA:74,84
DA:75,84
DA:76,84
DA:83,15
DA:85,3
DA:95,15
DA:97,15
DA:104,3
DA:106,3
DA:107,3
DA:110,0
DA:118,1
DA:119,2
DA:120,2
DA:121,2
DA:123,2
DA:124,0
DA:127,2
DA:128,2
DA:133,2
DA:141,0
DA:142,0
DA:150,1
DA:151,2
DA:152,2
DA:154,2
DA:155,0
DA:158,2
DA:160,2
DA:161,1
DA:170,1
DA:171,1
DA:173,1
DA:177,7
DA:178,12
DA:181,7
DA:182,12
DA:185,7
DA:186,12
DA:193,1
DA:198,0
DA:199,0
DA:207,1
DA:208,4
DA:209,4
DA:210,2
DA:212,2
DA:213,0
DA:216,2
DA:217,2
DA:224,2
DA:225,1
DA:229,2
DA:230,1
DA:231,1
DA:232,0
DA:236,2
DA:239,2
DA:241,2
DA:247,2
DA:249,2
DA:250,2
DA:253,0
DA:261,1
DA:262,1
DA:263,1
DA:265,1
DA:266,0
DA:269,1
DA:271,1
DA:277,0
DA:278,0
DA:286,1
DA:287,2
DA:288,2
DA:289,2
DA:291,2
DA:292,0
DA:295,2
DA:296,2
DA:299,2
DA:308,4
DA:310,2
DA:322,0
DA:323,0
DA:329,30
DA:330,28
DA:331,28
DA:332,28
DA:333,28
DA:335,28
DA:336,17
DA:337,10
DA:341,77
DA:342,289
DA:346,18
DA:348,18
DA:349,18
DA:350,138
DA:353,18
DA:354,17
DA:355,17
DA:356,17
DA:358,17
DA:359,0
DA:361,17
DA:365,18
DA:370,15
DA:373,14
DA:375,12
DA:378,12
DA:379,12
DA:380,12
DA:381,12
DA:382,12
DA:383,12
DA:384,12
DA:385,12
DA:386,12
DA:387,12
DA:389,12
DA:390,11
DA:391,10
DA:395,15
DA:397,15
DA:398,3
DA:400,15
DA:401,2
DA:403,15
DA:404,2
DA:406,15
DA:407,5
DA:409,15
DA:410,2
DA:413,15
DA:417,15
DA:418,0
DA:420,15
DA:421,0
DA:423,15
DA:424,3
DA:426,12
DA:427,2
DA:429,10
DA:434,1
DA:443,1
DA:444,1
DA:446,1
DA:447,1
DA:448,1
DA:449,12
DA:451,1
DA:455,1
DA:462,1
LF:178
LH:158
BRDA:50,0,0,0
BRDA:50,0,1,15
BRDA:64,1,0,1
BRDA:64,1,1,14
BRDA:70,2,0,15
BRDA:70,2,1,0
BRDA:83,3,0,3
BRDA:83,3,1,12
BRDA:83,4,0,15
BRDA:83,4,1,14
BRDA:83,4,2,13
BRDA:106,5,0,3
BRDA:106,5,1,0
BRDA:121,6,0,1
BRDA:121,7,0,1
BRDA:123,8,0,0
BRDA:123,8,1,2
BRDA:127,9,0,2
BRDA:127,9,1,0
BRDA:154,10,0,0
BRDA:154,10,1,2
BRDA:158,11,0,2
BRDA:158,11,1,1
BRDA:160,12,0,1
BRDA:160,12,1,1
BRDA:212,13,0,0
BRDA:212,13,1,2
BRDA:224,14,0,1
BRDA:224,14,1,1
BRDA:229,15,0,1
BRDA:229,15,1,1
BRDA:249,16,0,2
BRDA:249,16,1,0
BRDA:265,17,0,0
BRDA:265,17,1,1
BRDA:269,18,0,1
BRDA:269,18,1,0
BRDA:289,19,0,1
BRDA:291,20,0,0
BRDA:291,20,1,2
BRDA:296,21,0,2
BRDA:296,21,1,0
BRDA:329,22,0,2
BRDA:329,22,1,28
BRDA:335,23,0,11
BRDA:335,23,1,17
BRDA:336,24,0,7
BRDA:336,24,1,10
BRDA:341,25,0,4
BRDA:341,25,1,73
BRDA:346,26,0,0
BRDA:346,26,1,18
BRDA:358,27,0,0
BRDA:358,27,1,17
BRDA:370,28,0,1
BRDA:370,28,1,14
BRDA:373,29,0,2
BRDA:373,29,1,12
BRDA:373,30,0,14
BRDA:373,30,1,13
BRDA:378,31,0,1
BRDA:378,31,1,11
BRDA:379,32,0,1
BRDA:379,32,1,11
BRDA:380,33,0,1
BRDA:380,33,1,11
BRDA:380,34,0,12
BRDA:380,34,1,2
BRDA:381,35,0,1
BRDA:381,35,1,11
BRDA:382,36,0,1
BRDA:382,36,1,11
BRDA:382,37,0,12
BRDA:382,37,1,11
BRDA:383,38,0,1
BRDA:383,38,1,11
BRDA:384,39,0,1
BRDA:384,39,1,11
BRDA:385,40,0,1
BRDA:385,40,1,11
BRDA:385,41,0,12
BRDA:385,41,1,2
BRDA:386,42,0,1
BRDA:386,42,1,11
BRDA:386,43,0,12
BRDA:386,43,1,11
BRDA:387,44,0,2
BRDA:387,44,1,10
BRDA:387,45,0,12
BRDA:387,45,1,5
BRDA:389,46,0,1
BRDA:389,46,1,11
BRDA:390,47,0,1
BRDA:390,47,1,10
BRDA:397,48,0,3
BRDA:397,48,1,12
BRDA:400,49,0,2
BRDA:400,49,1,13
BRDA:403,50,0,2
BRDA:403,50,1,13
BRDA:406,51,0,5
BRDA:406,51,1,10
BRDA:409,52,0,2
BRDA:409,52,1,13
BRDA:417,53,0,0
BRDA:417,53,1,15
BRDA:420,54,0,0
BRDA:420,54,1,15
BRDA:423,55,0,3
BRDA:423,55,1,12
BRDA:426,56,0,2
BRDA:426,56,1,10
BRDA:446,57,0,0
BRDA:446,57,1,1
BRDA:447,58,0,0
BRDA:447,58,1,1
BRDA:448,59,0,0
BRDA:448,59,1,1
BRDA:449,60,0,0
BRDA:449,60,1,1
BRF:120
BRH:100
end_of_record
TN:
SF:src\routes\provider.routes.ts
FN:48,(anonymous_1)
FN:60,(anonymous_2)
FN:149,(anonymous_3)
FN:162,(anonymous_4)
FN:167,(anonymous_5)
FN:173,(anonymous_6)
FN:223,(anonymous_7)
FN:230,(anonymous_8)
FN:313,(anonymous_9)
FN:362,(anonymous_10)
FN:369,(anonymous_11)
FN:409,(anonymous_12)
FN:416,(anonymous_13)
FN:461,(anonymous_14)
FNF:14
FNH:14
FNDA:7,(anonymous_1)
FNDA:24,(anonymous_2)
FNDA:4,(anonymous_3)
FNDA:2,(anonymous_4)
FNDA:2,(anonymous_5)
FNDA:2,(anonymous_6)
FNDA:2,(anonymous_7)
FNDA:4,(anonymous_8)
FNDA:6,(anonymous_9)
FNDA:3,(anonymous_10)
FNDA:1,(anonymous_11)
FNDA:4,(anonymous_12)
FNDA:7,(anonymous_13)
FNDA:3,(anonymous_14)
DA:1,1
DA:2,1
DA:3,1
DA:4,1
DA:6,1
DA:9,1
DA:15,1
DA:32,1
DA:39,1
DA:40,1
DA:41,1
DA:42,1
DA:48,1
DA:49,7
DA:50,7
DA:51,7
DA:53,7
DA:54,0
DA:58,7
DA:59,7
DA:60,24
DA:63,7
DA:64,7
DA:65,7
DA:68,7
DA:69,7
DA:70,7
DA:73,7
DA:74,7
DA:75,7
DA:78,7
DA:79,7
DA:80,7
DA:81,7
DA:82,7
DA:83,7
DA:85,7
DA:135,7
DA:140,0
DA:141,0
DA:149,1
DA:150,4
DA:151,4
DA:152,4
DA:154,4
DA:155,0
DA:158,4
DA:161,4
DA:162,2
DA:166,4
DA:167,2
DA:171,4
DA:172,1
DA:173,1
DA:174,2
DA:180,4
DA:181,2
DA:205,2
DA:208,4
DA:214,0
DA:215,0
DA:223,1
DA:224,2
DA:225,2
DA:226,2
DA:229,2
DA:230,4
DA:232,2
DA:233,1
DA:237,1
DA:240,1
DA:297,1
DA:299,1
DA:304,0
DA:305,0
DA:313,1
DA:314,6
DA:315,6
DA:316,4
DA:318,4
DA:319,0
DA:322,4
DA:323,4
DA:334,4
DA:335,0
DA:337,4
DA:340,4
DA:342,4
DA:348,2
DA:350,2
DA:351,2
DA:354,0
DA:362,1
DA:363,3
DA:364,3
DA:365,1
DA:368,1
DA:369,1
DA:371,1
DA:372,0
DA:375,1
DA:376,1
DA:384,1
DA:387,1
DA:389,1
DA:395,2
DA:397,2
DA:398,2
DA:401,0
DA:409,1
DA:410,4
DA:411,4
DA:412,2
DA:415,2
DA:416,7
DA:418,2
DA:419,1
DA:422,1
DA:423,1
DA:433,1
DA:434,1
DA:436,1
DA:439,1
DA:441,1
DA:447,2
DA:449,2
DA:450,2
DA:453,0
DA:461,1
DA:462,3
DA:463,3
DA:464,3
DA:466,3
DA:498,3
DA:507,0
DA:508,0
DA:512,1
LF:137
LH:121
BRDA:53,0,0,0
BRDA:53,0,1,7
BRDA:58,1,0,7
BRDA:58,1,1,3
BRDA:154,2,0,0
BRDA:154,2,1,4
BRDA:158,3,0,4
BRDA:158,3,1,1
BRDA:161,4,0,1
BRDA:161,4,1,3
BRDA:166,5,0,1
BRDA:166,5,1,3
BRDA:171,6,0,1
BRDA:171,6,1,3
BRDA:174,7,0,2
BRDA:174,7,1,1
BRDA:180,8,0,2
BRDA:180,8,1,2
BRDA:229,9,0,2
BRDA:229,9,1,0
BRDA:232,10,0,1
BRDA:232,10,1,1
BRDA:272,11,0,1
BRDA:272,11,1,1
BRDA:318,12,0,0
BRDA:318,12,1,4
BRDA:334,13,0,0
BRDA:334,13,1,4
BRDA:350,14,0,2
BRDA:350,14,1,0
BRDA:368,15,0,1
BRDA:368,15,1,0
BRDA:371,16,0,0
BRDA:371,16,1,1
BRDA:397,17,0,2
BRDA:397,17,1,0
BRDA:415,18,0,2
BRDA:415,18,1,0
BRDA:418,19,0,1
BRDA:418,19,1,1
BRDA:433,20,0,1
BRDA:433,20,1,0
BRDA:449,21,0,2
BRDA:449,21,1,0
BRDA:502,22,0,3
BRDA:502,22,1,2
BRDA:503,23,0,3
BRDA:503,23,1,2
BRF:48
BRH:36
end_of_record
TN:
SF:src\services\auth.service.ts
FN:54,(anonymous_10)
FN:80,(anonymous_11)
FN:121,(anonymous_12)
FN:134,(anonymous_13)
FN:172,(anonymous_14)
FN:173,(anonymous_15)
FN:189,(anonymous_16)
FN:190,(anonymous_17)
FNF:8
FNH:3
FNDA:2,(anonymous_10)
FNDA:0,(anonymous_11)
FNDA:0,(anonymous_12)
FNDA:0,(anonymous_13)
FNDA:1,(anonymous_14)
FNDA:0,(anonymous_15)
FNDA:2,(anonymous_16)
FNDA:0,(anonymous_17)
DA:1,1
DA:3,1
DA:4,1
DA:5,1
DA:35,1
DA:40,1
DA:41,1
DA:48,1
DA:50,1
DA:56,2
DA:57,2
DA:58,2
DA:62,0
DA:63,0
DA:64,0
DA:66,0
DA:69,0
DA:74,0
DA:81,0
DA:94,0
DA:97,0
DA:104,0
DA:107,0
DA:113,0
DA:115,0
DA:122,0
DA:127,0
DA:128,0
DA:134,1
DA:135,0
DA:136,0
DA:138,0
DA:139,0
DA:142,0
DA:143,0
DA:146,0
DA:147,0
DA:148,0
DA:150,0
DA:151,0
DA:155,0
DA:162,0
DA:164,0
DA:165,0
DA:172,1
DA:173,1
DA:174,0
DA:175,0
DA:178,0
DA:179,0
DA:182,0
DA:189,1
DA:190,2
DA:191,0
DA:192,0
DA:193,0
DA:194,0
DA:197,0
DA:198,0
DA:200,0
DA:201,0
DA:203,0
DA:204,0
DA:210,0
DA:212,0
DA:219,1
LF:66
LH:18
BRDA:36,0,0,1
BRDA:36,0,1,1
BRDA:40,1,0,1
BRDA:40,1,1,0
BRDA:42,2,0,1
BRDA:42,2,1,1
BRDA:57,3,0,2
BRDA:57,3,1,0
BRDA:57,4,0,2
BRDA:57,4,1,1
BRDA:63,5,0,0
BRDA:63,5,1,0
BRDA:71,6,0,0
BRDA:71,6,1,0
BRDA:138,7,0,0
BRDA:138,7,1,0
BRDA:138,8,0,0
BRDA:138,8,1,0
BRDA:150,9,0,0
BRDA:150,9,1,0
BRDA:174,10,0,0
BRDA:174,10,1,0
BRDA:178,11,0,0
BRDA:178,11,1,0
BRDA:189,12,0,1
BRDA:193,13,0,0
BRDA:193,13,1,0
BRDA:203,14,0,0
BRDA:203,14,1,0
BRF:29
BRH:9
end_of_record
